CRITICAL - 2023-11-19 07:35:31 --> Class "App\Controllers\DateTime" not found
in APPPATH\Controllers\Crud_controller.php on line 23.
 1 SYSTEMPATH\CodeIgniter.php(942): App\Controllers\Crud_controller->addReview()
 2 SYSTEMPATH\CodeIgniter.php(502): CodeIgniter\CodeIgniter->runController(Object(App\Controllers\Crud_controller))
 3 SYSTEMPATH\CodeIgniter.php(361): CodeIgniter\CodeIgniter->handleRequest(null, Object(Config\Cache), false)
 4 FCPATH\index.php(79): CodeIgniter\CodeIgniter->run()
CRITICAL - 2023-11-19 07:46:10 --> Too few arguments to function CodeIgniter\BaseModel::save(), 0 passed in C:\xampp\htdocs\ci4\app\Controllers\Crud_controller.php on line 21 and exactly 1 expected
in SYSTEMPATH\BaseModel.php on line 689.
 1 APPPATH\Controllers\Crud_controller.php(21): CodeIgniter\BaseModel->save()
 2 SYSTEMPATH\CodeIgniter.php(942): App\Controllers\Crud_controller->addReview()
 3 SYSTEMPATH\CodeIgniter.php(502): CodeIgniter\CodeIgniter->runController(Object(App\Controllers\Crud_controller))
 4 SYSTEMPATH\CodeIgniter.php(361): CodeIgniter\CodeIgniter->handleRequest(null, Object(Config\Cache), false)
 5 FCPATH\index.php(79): CodeIgniter\CodeIgniter->run()
ERROR - 2023-11-19 07:47:13 --> mysqli_sql_exception: Unknown column 'review_text' in 'field list' in C:\xampp\htdocs\ci4\system\Database\MySQLi\Connection.php:306
Stack trace:
#0 C:\xampp\htdocs\ci4\system\Database\MySQLi\Connection.php(306): mysqli->query('INSERT INTO `re...', 0)
#1 C:\xampp\htdocs\ci4\system\Database\BaseConnection.php(693): CodeIgniter\Database\MySQLi\Connection->execute('INSERT INTO `re...')
#2 C:\xampp\htdocs\ci4\system\Database\BaseConnection.php(607): CodeIgniter\Database\BaseConnection->simpleQuery('INSERT INTO `re...')
#3 C:\xampp\htdocs\ci4\system\Database\BaseBuilder.php(2308): CodeIgniter\Database\BaseConnection->query('INSERT INTO `re...', Array, false)
#4 C:\xampp\htdocs\ci4\system\Model.php(319): CodeIgniter\Database\BaseBuilder->insert()
#5 C:\xampp\htdocs\ci4\system\BaseModel.php(788): CodeIgniter\Model->doInsert(Array)
#6 C:\xampp\htdocs\ci4\system\Model.php(715): CodeIgniter\BaseModel->insert(Array, true)
#7 C:\xampp\htdocs\ci4\app\Controllers\Crud_controller.php(24): CodeIgniter\Model->insert(Array)
#8 C:\xampp\htdocs\ci4\system\CodeIgniter.php(942): App\Controllers\Crud_controller->addReview()
#9 C:\xampp\htdocs\ci4\system\CodeIgniter.php(502): CodeIgniter\CodeIgniter->runController(Object(App\Controllers\Crud_controller))
#10 C:\xampp\htdocs\ci4\system\CodeIgniter.php(361): CodeIgniter\CodeIgniter->handleRequest(NULL, Object(Config\Cache), false)
#11 C:\xampp\htdocs\ci4\public\index.php(79): CodeIgniter\CodeIgniter->run()
#12 {main}
CRITICAL - 2023-11-19 07:47:13 --> Unknown column 'review_text' in 'field list'
in SYSTEMPATH\Database\BaseConnection.php on line 647.
 1 SYSTEMPATH\Database\BaseBuilder.php(2308): CodeIgniter\Database\BaseConnection->query('INSERT INTO `reviews` (`username`, `review_text`, `date_added`) VALUES (:username:, :review_text:, :date_added:)', [...], false)
 2 SYSTEMPATH\Model.php(319): CodeIgniter\Database\BaseBuilder->insert()
 3 SYSTEMPATH\BaseModel.php(788): CodeIgniter\Model->doInsert([...])
 4 SYSTEMPATH\Model.php(715): CodeIgniter\BaseModel->insert([...], true)
 5 APPPATH\Controllers\Crud_controller.php(24): CodeIgniter\Model->insert([...])
 6 SYSTEMPATH\CodeIgniter.php(942): App\Controllers\Crud_controller->addReview()
 7 SYSTEMPATH\CodeIgniter.php(502): CodeIgniter\CodeIgniter->runController(Object(App\Controllers\Crud_controller))
 8 SYSTEMPATH\CodeIgniter.php(361): CodeIgniter\CodeIgniter->handleRequest(null, Object(Config\Cache), false)
 9 FCPATH\index.php(79): CodeIgniter\CodeIgniter->run()
ERROR - 2023-11-19 07:47:39 --> mysqli_sql_exception: Unknown column 'date_added' in 'field list' in C:\xampp\htdocs\ci4\system\Database\MySQLi\Connection.php:306
Stack trace:
#0 C:\xampp\htdocs\ci4\system\Database\MySQLi\Connection.php(306): mysqli->query('INSERT INTO `re...', 0)
#1 C:\xampp\htdocs\ci4\system\Database\BaseConnection.php(693): CodeIgniter\Database\MySQLi\Connection->execute('INSERT INTO `re...')
#2 C:\xampp\htdocs\ci4\system\Database\BaseConnection.php(607): CodeIgniter\Database\BaseConnection->simpleQuery('INSERT INTO `re...')
#3 C:\xampp\htdocs\ci4\system\Database\BaseBuilder.php(2308): CodeIgniter\Database\BaseConnection->query('INSERT INTO `re...', Array, false)
#4 C:\xampp\htdocs\ci4\system\Model.php(319): CodeIgniter\Database\BaseBuilder->insert()
#5 C:\xampp\htdocs\ci4\system\BaseModel.php(788): CodeIgniter\Model->doInsert(Array)
#6 C:\xampp\htdocs\ci4\system\Model.php(715): CodeIgniter\BaseModel->insert(Array, true)
#7 C:\xampp\htdocs\ci4\app\Controllers\Crud_controller.php(24): CodeIgniter\Model->insert(Array)
#8 C:\xampp\htdocs\ci4\system\CodeIgniter.php(942): App\Controllers\Crud_controller->addReview()
#9 C:\xampp\htdocs\ci4\system\CodeIgniter.php(502): CodeIgniter\CodeIgniter->runController(Object(App\Controllers\Crud_controller))
#10 C:\xampp\htdocs\ci4\system\CodeIgniter.php(361): CodeIgniter\CodeIgniter->handleRequest(NULL, Object(Config\Cache), false)
#11 C:\xampp\htdocs\ci4\public\index.php(79): CodeIgniter\CodeIgniter->run()
#12 {main}
CRITICAL - 2023-11-19 07:47:39 --> Unknown column 'date_added' in 'field list'
in SYSTEMPATH\Database\BaseConnection.php on line 647.
 1 SYSTEMPATH\Database\BaseBuilder.php(2308): CodeIgniter\Database\BaseConnection->query('INSERT INTO `reviews` (`username`, `date_added`) VALUES (:username:, :date_added:)', [...], false)
 2 SYSTEMPATH\Model.php(319): CodeIgniter\Database\BaseBuilder->insert()
 3 SYSTEMPATH\BaseModel.php(788): CodeIgniter\Model->doInsert([...])
 4 SYSTEMPATH\Model.php(715): CodeIgniter\BaseModel->insert([...], true)
 5 APPPATH\Controllers\Crud_controller.php(24): CodeIgniter\Model->insert([...])
 6 SYSTEMPATH\CodeIgniter.php(942): App\Controllers\Crud_controller->addReview()
 7 SYSTEMPATH\CodeIgniter.php(502): CodeIgniter\CodeIgniter->runController(Object(App\Controllers\Crud_controller))
 8 SYSTEMPATH\CodeIgniter.php(361): CodeIgniter\CodeIgniter->handleRequest(null, Object(Config\Cache), false)
 9 FCPATH\index.php(79): CodeIgniter\CodeIgniter->run()
ERROR - 2023-11-19 07:49:19 --> mysqli_sql_exception: Column 'review' cannot be null in C:\xampp\htdocs\ci4\system\Database\MySQLi\Connection.php:306
Stack trace:
#0 C:\xampp\htdocs\ci4\system\Database\MySQLi\Connection.php(306): mysqli->query('INSERT INTO `re...', 0)
#1 C:\xampp\htdocs\ci4\system\Database\BaseConnection.php(693): CodeIgniter\Database\MySQLi\Connection->execute('INSERT INTO `re...')
#2 C:\xampp\htdocs\ci4\system\Database\BaseConnection.php(607): CodeIgniter\Database\BaseConnection->simpleQuery('INSERT INTO `re...')
#3 C:\xampp\htdocs\ci4\system\Database\BaseBuilder.php(2308): CodeIgniter\Database\BaseConnection->query('INSERT INTO `re...', Array, false)
#4 C:\xampp\htdocs\ci4\system\Model.php(319): CodeIgniter\Database\BaseBuilder->insert()
#5 C:\xampp\htdocs\ci4\system\BaseModel.php(788): CodeIgniter\Model->doInsert(Array)
#6 C:\xampp\htdocs\ci4\system\Model.php(715): CodeIgniter\BaseModel->insert(Array, true)
#7 C:\xampp\htdocs\ci4\app\Controllers\Crud_controller.php(24): CodeIgniter\Model->insert(Array)
#8 C:\xampp\htdocs\ci4\system\CodeIgniter.php(942): App\Controllers\Crud_controller->addReview()
#9 C:\xampp\htdocs\ci4\system\CodeIgniter.php(502): CodeIgniter\CodeIgniter->runController(Object(App\Controllers\Crud_controller))
#10 C:\xampp\htdocs\ci4\system\CodeIgniter.php(361): CodeIgniter\CodeIgniter->handleRequest(NULL, Object(Config\Cache), false)
#11 C:\xampp\htdocs\ci4\public\index.php(79): CodeIgniter\CodeIgniter->run()
#12 {main}
CRITICAL - 2023-11-19 07:49:19 --> Column 'review' cannot be null
in SYSTEMPATH\Database\BaseConnection.php on line 647.
 1 SYSTEMPATH\Database\BaseBuilder.php(2308): CodeIgniter\Database\BaseConnection->query('INSERT INTO `reviews` (`username`, `review`, `date`) VALUES (:username:, :review:, :date:)', [...], false)
 2 SYSTEMPATH\Model.php(319): CodeIgniter\Database\BaseBuilder->insert()
 3 SYSTEMPATH\BaseModel.php(788): CodeIgniter\Model->doInsert([...])
 4 SYSTEMPATH\Model.php(715): CodeIgniter\BaseModel->insert([...], true)
 5 APPPATH\Controllers\Crud_controller.php(24): CodeIgniter\Model->insert([...])
 6 SYSTEMPATH\CodeIgniter.php(942): App\Controllers\Crud_controller->addReview()
 7 SYSTEMPATH\CodeIgniter.php(502): CodeIgniter\CodeIgniter->runController(Object(App\Controllers\Crud_controller))
 8 SYSTEMPATH\CodeIgniter.php(361): CodeIgniter\CodeIgniter->handleRequest(null, Object(Config\Cache), false)
 9 FCPATH\index.php(79): CodeIgniter\CodeIgniter->run()
ERROR - 2023-11-19 07:49:58 --> mysqli_sql_exception: Duplicate entry 'markrxl' for key 'PRIMARY' in C:\xampp\htdocs\ci4\system\Database\MySQLi\Connection.php:306
Stack trace:
#0 C:\xampp\htdocs\ci4\system\Database\MySQLi\Connection.php(306): mysqli->query('INSERT INTO `re...', 0)
#1 C:\xampp\htdocs\ci4\system\Database\BaseConnection.php(693): CodeIgniter\Database\MySQLi\Connection->execute('INSERT INTO `re...')
#2 C:\xampp\htdocs\ci4\system\Database\BaseConnection.php(607): CodeIgniter\Database\BaseConnection->simpleQuery('INSERT INTO `re...')
#3 C:\xampp\htdocs\ci4\system\Database\BaseBuilder.php(2308): CodeIgniter\Database\BaseConnection->query('INSERT INTO `re...', Array, false)
#4 C:\xampp\htdocs\ci4\system\Model.php(319): CodeIgniter\Database\BaseBuilder->insert()
#5 C:\xampp\htdocs\ci4\system\BaseModel.php(788): CodeIgniter\Model->doInsert(Array)
#6 C:\xampp\htdocs\ci4\system\Model.php(715): CodeIgniter\BaseModel->insert(Array, true)
#7 C:\xampp\htdocs\ci4\app\Controllers\Crud_controller.php(24): CodeIgniter\Model->insert(Array)
#8 C:\xampp\htdocs\ci4\system\CodeIgniter.php(942): App\Controllers\Crud_controller->addReview()
#9 C:\xampp\htdocs\ci4\system\CodeIgniter.php(502): CodeIgniter\CodeIgniter->runController(Object(App\Controllers\Crud_controller))
#10 C:\xampp\htdocs\ci4\system\CodeIgniter.php(361): CodeIgniter\CodeIgniter->handleRequest(NULL, Object(Config\Cache), false)
#11 C:\xampp\htdocs\ci4\public\index.php(79): CodeIgniter\CodeIgniter->run()
#12 {main}
CRITICAL - 2023-11-19 07:49:58 --> Duplicate entry 'markrxl' for key 'PRIMARY'
in SYSTEMPATH\Database\BaseConnection.php on line 647.
 1 SYSTEMPATH\Database\BaseBuilder.php(2308): CodeIgniter\Database\BaseConnection->query('INSERT INTO `reviews` (`username`) VALUES (:username:)', [...], false)
 2 SYSTEMPATH\Model.php(319): CodeIgniter\Database\BaseBuilder->insert()
 3 SYSTEMPATH\BaseModel.php(788): CodeIgniter\Model->doInsert([...])
 4 SYSTEMPATH\Model.php(715): CodeIgniter\BaseModel->insert([...], true)
 5 APPPATH\Controllers\Crud_controller.php(24): CodeIgniter\Model->insert([...])
 6 SYSTEMPATH\CodeIgniter.php(942): App\Controllers\Crud_controller->addReview()
 7 SYSTEMPATH\CodeIgniter.php(502): CodeIgniter\CodeIgniter->runController(Object(App\Controllers\Crud_controller))
 8 SYSTEMPATH\CodeIgniter.php(361): CodeIgniter\CodeIgniter->handleRequest(null, Object(Config\Cache), false)
 9 FCPATH\index.php(79): CodeIgniter\CodeIgniter->run()
ERROR - 2023-11-19 07:50:44 --> mysqli_sql_exception: Duplicate entry 'markrxl' for key 'PRIMARY' in C:\xampp\htdocs\ci4\system\Database\MySQLi\Connection.php:306
Stack trace:
#0 C:\xampp\htdocs\ci4\system\Database\MySQLi\Connection.php(306): mysqli->query('INSERT INTO `re...', 0)
#1 C:\xampp\htdocs\ci4\system\Database\BaseConnection.php(693): CodeIgniter\Database\MySQLi\Connection->execute('INSERT INTO `re...')
#2 C:\xampp\htdocs\ci4\system\Database\BaseConnection.php(607): CodeIgniter\Database\BaseConnection->simpleQuery('INSERT INTO `re...')
#3 C:\xampp\htdocs\ci4\system\Database\BaseBuilder.php(2308): CodeIgniter\Database\BaseConnection->query('INSERT INTO `re...', Array, false)
#4 C:\xampp\htdocs\ci4\system\Model.php(319): CodeIgniter\Database\BaseBuilder->insert()
#5 C:\xampp\htdocs\ci4\system\BaseModel.php(788): CodeIgniter\Model->doInsert(Array)
#6 C:\xampp\htdocs\ci4\system\Model.php(715): CodeIgniter\BaseModel->insert(Array, true)
#7 C:\xampp\htdocs\ci4\app\Controllers\Crud_controller.php(24): CodeIgniter\Model->insert(Array)
#8 C:\xampp\htdocs\ci4\system\CodeIgniter.php(942): App\Controllers\Crud_controller->addReview()
#9 C:\xampp\htdocs\ci4\system\CodeIgniter.php(502): CodeIgniter\CodeIgniter->runController(Object(App\Controllers\Crud_controller))
#10 C:\xampp\htdocs\ci4\system\CodeIgniter.php(361): CodeIgniter\CodeIgniter->handleRequest(NULL, Object(Config\Cache), false)
#11 C:\xampp\htdocs\ci4\public\index.php(79): CodeIgniter\CodeIgniter->run()
#12 {main}
CRITICAL - 2023-11-19 07:50:44 --> Duplicate entry 'markrxl' for key 'PRIMARY'
in SYSTEMPATH\Database\BaseConnection.php on line 647.
 1 SYSTEMPATH\Database\BaseBuilder.php(2308): CodeIgniter\Database\BaseConnection->query('INSERT INTO `reviews` (`username`) VALUES (:username:)', [...], false)
 2 SYSTEMPATH\Model.php(319): CodeIgniter\Database\BaseBuilder->insert()
 3 SYSTEMPATH\BaseModel.php(788): CodeIgniter\Model->doInsert([...])
 4 SYSTEMPATH\Model.php(715): CodeIgniter\BaseModel->insert([...], true)
 5 APPPATH\Controllers\Crud_controller.php(24): CodeIgniter\Model->insert([...])
 6 SYSTEMPATH\CodeIgniter.php(942): App\Controllers\Crud_controller->addReview()
 7 SYSTEMPATH\CodeIgniter.php(502): CodeIgniter\CodeIgniter->runController(Object(App\Controllers\Crud_controller))
 8 SYSTEMPATH\CodeIgniter.php(361): CodeIgniter\CodeIgniter->handleRequest(null, Object(Config\Cache), false)
 9 FCPATH\index.php(79): CodeIgniter\CodeIgniter->run()
ERROR - 2023-11-19 07:56:36 --> mysqli_sql_exception: Column 'review' cannot be null in C:\xampp\htdocs\ci4\system\Database\MySQLi\Connection.php:306
Stack trace:
#0 C:\xampp\htdocs\ci4\system\Database\MySQLi\Connection.php(306): mysqli->query('INSERT INTO `re...', 0)
#1 C:\xampp\htdocs\ci4\system\Database\BaseConnection.php(693): CodeIgniter\Database\MySQLi\Connection->execute('INSERT INTO `re...')
#2 C:\xampp\htdocs\ci4\system\Database\BaseConnection.php(607): CodeIgniter\Database\BaseConnection->simpleQuery('INSERT INTO `re...')
#3 C:\xampp\htdocs\ci4\system\Database\BaseBuilder.php(2308): CodeIgniter\Database\BaseConnection->query('INSERT INTO `re...', Array, false)
#4 C:\xampp\htdocs\ci4\system\Model.php(319): CodeIgniter\Database\BaseBuilder->insert()
#5 C:\xampp\htdocs\ci4\system\BaseModel.php(788): CodeIgniter\Model->doInsert(Array)
#6 C:\xampp\htdocs\ci4\system\Model.php(715): CodeIgniter\BaseModel->insert(Array, true)
#7 C:\xampp\htdocs\ci4\app\Controllers\Crud_controller.php(23): CodeIgniter\Model->insert(Array)
#8 C:\xampp\htdocs\ci4\system\CodeIgniter.php(942): App\Controllers\Crud_controller->addReview()
#9 C:\xampp\htdocs\ci4\system\CodeIgniter.php(502): CodeIgniter\CodeIgniter->runController(Object(App\Controllers\Crud_controller))
#10 C:\xampp\htdocs\ci4\system\CodeIgniter.php(361): CodeIgniter\CodeIgniter->handleRequest(NULL, Object(Config\Cache), false)
#11 C:\xampp\htdocs\ci4\public\index.php(79): CodeIgniter\CodeIgniter->run()
#12 {main}
CRITICAL - 2023-11-19 07:56:36 --> Column 'review' cannot be null
in SYSTEMPATH\Database\BaseConnection.php on line 647.
 1 SYSTEMPATH\Database\BaseBuilder.php(2308): CodeIgniter\Database\BaseConnection->query('INSERT INTO `reviews` (`username`, `review`) VALUES (:username:, :review:)', [...], false)
 2 SYSTEMPATH\Model.php(319): CodeIgniter\Database\BaseBuilder->insert()
 3 SYSTEMPATH\BaseModel.php(788): CodeIgniter\Model->doInsert([...])
 4 SYSTEMPATH\Model.php(715): CodeIgniter\BaseModel->insert([...], true)
 5 APPPATH\Controllers\Crud_controller.php(23): CodeIgniter\Model->insert([...])
 6 SYSTEMPATH\CodeIgniter.php(942): App\Controllers\Crud_controller->addReview()
 7 SYSTEMPATH\CodeIgniter.php(502): CodeIgniter\CodeIgniter->runController(Object(App\Controllers\Crud_controller))
 8 SYSTEMPATH\CodeIgniter.php(361): CodeIgniter\CodeIgniter->handleRequest(null, Object(Config\Cache), false)
 9 FCPATH\index.php(79): CodeIgniter\CodeIgniter->run()
ERROR - 2023-11-19 07:59:26 --> mysqli_sql_exception: Column 'review' cannot be null in C:\xampp\htdocs\ci4\system\Database\MySQLi\Connection.php:306
Stack trace:
#0 C:\xampp\htdocs\ci4\system\Database\MySQLi\Connection.php(306): mysqli->query('INSERT INTO `re...', 0)
#1 C:\xampp\htdocs\ci4\system\Database\BaseConnection.php(693): CodeIgniter\Database\MySQLi\Connection->execute('INSERT INTO `re...')
#2 C:\xampp\htdocs\ci4\system\Database\BaseConnection.php(607): CodeIgniter\Database\BaseConnection->simpleQuery('INSERT INTO `re...')
#3 C:\xampp\htdocs\ci4\system\Database\BaseBuilder.php(2308): CodeIgniter\Database\BaseConnection->query('INSERT INTO `re...', Array, false)
#4 C:\xampp\htdocs\ci4\system\Model.php(319): CodeIgniter\Database\BaseBuilder->insert()
#5 C:\xampp\htdocs\ci4\system\BaseModel.php(788): CodeIgniter\Model->doInsert(Array)
#6 C:\xampp\htdocs\ci4\system\Model.php(715): CodeIgniter\BaseModel->insert(Array, true)
#7 C:\xampp\htdocs\ci4\app\Controllers\Crud_controller.php(24): CodeIgniter\Model->insert(Array)
#8 C:\xampp\htdocs\ci4\system\CodeIgniter.php(942): App\Controllers\Crud_controller->addReview()
#9 C:\xampp\htdocs\ci4\system\CodeIgniter.php(502): CodeIgniter\CodeIgniter->runController(Object(App\Controllers\Crud_controller))
#10 C:\xampp\htdocs\ci4\system\CodeIgniter.php(361): CodeIgniter\CodeIgniter->handleRequest(NULL, Object(Config\Cache), false)
#11 C:\xampp\htdocs\ci4\public\index.php(79): CodeIgniter\CodeIgniter->run()
#12 {main}
CRITICAL - 2023-11-19 07:59:26 --> Column 'review' cannot be null
in SYSTEMPATH\Database\BaseConnection.php on line 647.
 1 SYSTEMPATH\Database\BaseBuilder.php(2308): CodeIgniter\Database\BaseConnection->query('INSERT INTO `reviews` (`username`, `review`) VALUES (:username:, :review:)', [...], false)
 2 SYSTEMPATH\Model.php(319): CodeIgniter\Database\BaseBuilder->insert()
 3 SYSTEMPATH\BaseModel.php(788): CodeIgniter\Model->doInsert([...])
 4 SYSTEMPATH\Model.php(715): CodeIgniter\BaseModel->insert([...], true)
 5 APPPATH\Controllers\Crud_controller.php(24): CodeIgniter\Model->insert([...])
 6 SYSTEMPATH\CodeIgniter.php(942): App\Controllers\Crud_controller->addReview()
 7 SYSTEMPATH\CodeIgniter.php(502): CodeIgniter\CodeIgniter->runController(Object(App\Controllers\Crud_controller))
 8 SYSTEMPATH\CodeIgniter.php(361): CodeIgniter\CodeIgniter->handleRequest(null, Object(Config\Cache), false)
 9 FCPATH\index.php(79): CodeIgniter\CodeIgniter->run()
CRITICAL - 2023-11-19 08:32:57 --> Declaration of App\Models\Review_model::insert(?array $data = null, bool $returnID = true) must be compatible with CodeIgniter\Model::insert($data = null, bool $returnID = true)
in APPPATH\Models\Review_model.php on line 14.
 1 [internal function]: CodeIgniter\Debug\Exceptions->shutdownHandler()
ERROR - 2023-11-19 13:57:14 --> mysqli_sql_exception: Column 'username' cannot be null in C:\xampp\htdocs\ci4\system\Database\MySQLi\Connection.php:306
Stack trace:
#0 C:\xampp\htdocs\ci4\system\Database\MySQLi\Connection.php(306): mysqli->query('INSERT INTO `re...', 0)
#1 C:\xampp\htdocs\ci4\system\Database\BaseConnection.php(693): CodeIgniter\Database\MySQLi\Connection->execute('INSERT INTO `re...')
#2 C:\xampp\htdocs\ci4\system\Database\BaseConnection.php(607): CodeIgniter\Database\BaseConnection->simpleQuery('INSERT INTO `re...')
#3 C:\xampp\htdocs\ci4\system\Database\BaseBuilder.php(2308): CodeIgniter\Database\BaseConnection->query('INSERT INTO `re...', Array, false)
#4 C:\xampp\htdocs\ci4\system\Model.php(319): CodeIgniter\Database\BaseBuilder->insert()
#5 C:\xampp\htdocs\ci4\system\BaseModel.php(788): CodeIgniter\Model->doInsert(Array)
#6 C:\xampp\htdocs\ci4\system\Model.php(715): CodeIgniter\BaseModel->insert(Array, true)
#7 C:\xampp\htdocs\ci4\app\Models\Review_model.php(22): CodeIgniter\Model->insert(Array, true)
#8 C:\xampp\htdocs\ci4\app\Controllers\Crud_controller.php(28): App\Models\Review_model->insert(Array)
#9 C:\xampp\htdocs\ci4\system\CodeIgniter.php(942): App\Controllers\Crud_controller->addReview()
#10 C:\xampp\htdocs\ci4\system\CodeIgniter.php(502): CodeIgniter\CodeIgniter->runController(Object(App\Controllers\Crud_controller))
#11 C:\xampp\htdocs\ci4\system\CodeIgniter.php(361): CodeIgniter\CodeIgniter->handleRequest(NULL, Object(Config\Cache), false)
#12 C:\xampp\htdocs\ci4\public\index.php(79): CodeIgniter\CodeIgniter->run()
#13 {main}
CRITICAL - 2023-11-19 13:57:14 --> Column 'username' cannot be null
in SYSTEMPATH\Database\BaseConnection.php on line 647.
 1 SYSTEMPATH\Database\BaseBuilder.php(2308): CodeIgniter\Database\BaseConnection->query('INSERT INTO `reviews` (`username`, `review`, `date`) VALUES (:username:, :review:, :date:)', [...], false)
 2 SYSTEMPATH\Model.php(319): CodeIgniter\Database\BaseBuilder->insert()
 3 SYSTEMPATH\BaseModel.php(788): CodeIgniter\Model->doInsert([...])
 4 SYSTEMPATH\Model.php(715): CodeIgniter\BaseModel->insert([...], true)
 5 APPPATH\Models\Review_model.php(22): CodeIgniter\Model->insert([...], true)
 6 APPPATH\Controllers\Crud_controller.php(28): App\Models\Review_model->insert([...])
 7 SYSTEMPATH\CodeIgniter.php(942): App\Controllers\Crud_controller->addReview()
 8 SYSTEMPATH\CodeIgniter.php(502): CodeIgniter\CodeIgniter->runController(Object(App\Controllers\Crud_controller))
 9 SYSTEMPATH\CodeIgniter.php(361): CodeIgniter\CodeIgniter->handleRequest(null, Object(Config\Cache), false)
10 FCPATH\index.php(79): CodeIgniter\CodeIgniter->run()
CRITICAL - 2023-11-19 17:52:13 --> Class "App\Controllers\Review_model" not found
in APPPATH\Controllers\Home.php on line 19.
 1 SYSTEMPATH\CodeIgniter.php(942): App\Controllers\Home->dashboard()
 2 SYSTEMPATH\CodeIgniter.php(502): CodeIgniter\CodeIgniter->runController(Object(App\Controllers\Home))
 3 SYSTEMPATH\CodeIgniter.php(361): CodeIgniter\CodeIgniter->handleRequest(null, Object(Config\Cache), false)
 4 FCPATH\index.php(79): CodeIgniter\CodeIgniter->run()
CRITICAL - 2023-11-19 17:52:56 --> Undefined variable $reviews
in APPPATH\Views\review_game.php on line 23.
 1 APPPATH\Views\review_game.php(23): CodeIgniter\Debug\Exceptions->errorHandler(2, 'Undefined variable $reviews', 'C:\\xampp\\htdocs\\ci4\\app\\Views\\review_game.php', 23)
 2 SYSTEMPATH\View\View.php(228): include('C:\\xampp\\htdocs\\ci4\\app\\Views\\review_game.php')
 3 SYSTEMPATH\View\View.php(231): CodeIgniter\View\View->CodeIgniter\View\{closure}()
 4 SYSTEMPATH\Common.php(1190): CodeIgniter\View\View->render('review_game', [], true)
 5 APPPATH\Controllers\Home.php(31): view('review_game')
 6 SYSTEMPATH\CodeIgniter.php(942): App\Controllers\Home->review()
 7 SYSTEMPATH\CodeIgniter.php(502): CodeIgniter\CodeIgniter->runController(Object(App\Controllers\Home))
 8 SYSTEMPATH\CodeIgniter.php(361): CodeIgniter\CodeIgniter->handleRequest(null, Object(Config\Cache), false)
 9 FCPATH\index.php(79): CodeIgniter\CodeIgniter->run()
CRITICAL - 2023-11-19 17:53:17 --> Undefined variable $review
in APPPATH\Views\review_game.php on line 23.
 1 APPPATH\Views\review_game.php(23): CodeIgniter\Debug\Exceptions->errorHandler(2, 'Undefined variable $review', 'C:\\xampp\\htdocs\\ci4\\app\\Views\\review_game.php', 23)
 2 SYSTEMPATH\View\View.php(228): include('C:\\xampp\\htdocs\\ci4\\app\\Views\\review_game.php')
 3 SYSTEMPATH\View\View.php(231): CodeIgniter\View\View->CodeIgniter\View\{closure}()
 4 SYSTEMPATH\Common.php(1190): CodeIgniter\View\View->render('review_game', [], true)
 5 APPPATH\Controllers\Home.php(31): view('review_game')
 6 SYSTEMPATH\CodeIgniter.php(942): App\Controllers\Home->review()
 7 SYSTEMPATH\CodeIgniter.php(502): CodeIgniter\CodeIgniter->runController(Object(App\Controllers\Home))
 8 SYSTEMPATH\CodeIgniter.php(361): CodeIgniter\CodeIgniter->handleRequest(null, Object(Config\Cache), false)
 9 FCPATH\index.php(79): CodeIgniter\CodeIgniter->run()
CRITICAL - 2023-11-19 17:53:18 --> Undefined variable $review
in APPPATH\Views\review_game.php on line 23.
 1 APPPATH\Views\review_game.php(23): CodeIgniter\Debug\Exceptions->errorHandler(2, 'Undefined variable $review', 'C:\\xampp\\htdocs\\ci4\\app\\Views\\review_game.php', 23)
 2 SYSTEMPATH\View\View.php(228): include('C:\\xampp\\htdocs\\ci4\\app\\Views\\review_game.php')
 3 SYSTEMPATH\View\View.php(231): CodeIgniter\View\View->CodeIgniter\View\{closure}()
 4 SYSTEMPATH\Common.php(1190): CodeIgniter\View\View->render('review_game', [], true)
 5 APPPATH\Controllers\Home.php(31): view('review_game')
 6 SYSTEMPATH\CodeIgniter.php(942): App\Controllers\Home->review()
 7 SYSTEMPATH\CodeIgniter.php(502): CodeIgniter\CodeIgniter->runController(Object(App\Controllers\Home))
 8 SYSTEMPATH\CodeIgniter.php(361): CodeIgniter\CodeIgniter->handleRequest(null, Object(Config\Cache), false)
 9 FCPATH\index.php(79): CodeIgniter\CodeIgniter->run()
CRITICAL - 2023-11-19 17:53:18 --> Undefined variable $review
in APPPATH\Views\review_game.php on line 23.
 1 APPPATH\Views\review_game.php(23): CodeIgniter\Debug\Exceptions->errorHandler(2, 'Undefined variable $review', 'C:\\xampp\\htdocs\\ci4\\app\\Views\\review_game.php', 23)
 2 SYSTEMPATH\View\View.php(228): include('C:\\xampp\\htdocs\\ci4\\app\\Views\\review_game.php')
 3 SYSTEMPATH\View\View.php(231): CodeIgniter\View\View->CodeIgniter\View\{closure}()
 4 SYSTEMPATH\Common.php(1190): CodeIgniter\View\View->render('review_game', [], true)
 5 APPPATH\Controllers\Home.php(31): view('review_game')
 6 SYSTEMPATH\CodeIgniter.php(942): App\Controllers\Home->review()
 7 SYSTEMPATH\CodeIgniter.php(502): CodeIgniter\CodeIgniter->runController(Object(App\Controllers\Home))
 8 SYSTEMPATH\CodeIgniter.php(361): CodeIgniter\CodeIgniter->handleRequest(null, Object(Config\Cache), false)
 9 FCPATH\index.php(79): CodeIgniter\CodeIgniter->run()
CRITICAL - 2023-11-19 17:53:18 --> Undefined variable $review
in APPPATH\Views\review_game.php on line 23.
 1 APPPATH\Views\review_game.php(23): CodeIgniter\Debug\Exceptions->errorHandler(2, 'Undefined variable $review', 'C:\\xampp\\htdocs\\ci4\\app\\Views\\review_game.php', 23)
 2 SYSTEMPATH\View\View.php(228): include('C:\\xampp\\htdocs\\ci4\\app\\Views\\review_game.php')
 3 SYSTEMPATH\View\View.php(231): CodeIgniter\View\View->CodeIgniter\View\{closure}()
 4 SYSTEMPATH\Common.php(1190): CodeIgniter\View\View->render('review_game', [], true)
 5 APPPATH\Controllers\Home.php(31): view('review_game')
 6 SYSTEMPATH\CodeIgniter.php(942): App\Controllers\Home->review()
 7 SYSTEMPATH\CodeIgniter.php(502): CodeIgniter\CodeIgniter->runController(Object(App\Controllers\Home))
 8 SYSTEMPATH\CodeIgniter.php(361): CodeIgniter\CodeIgniter->handleRequest(null, Object(Config\Cache), false)
 9 FCPATH\index.php(79): CodeIgniter\CodeIgniter->run()
CRITICAL - 2023-11-19 17:53:19 --> Undefined variable $review
in APPPATH\Views\review_game.php on line 23.
 1 APPPATH\Views\review_game.php(23): CodeIgniter\Debug\Exceptions->errorHandler(2, 'Undefined variable $review', 'C:\\xampp\\htdocs\\ci4\\app\\Views\\review_game.php', 23)
 2 SYSTEMPATH\View\View.php(228): include('C:\\xampp\\htdocs\\ci4\\app\\Views\\review_game.php')
 3 SYSTEMPATH\View\View.php(231): CodeIgniter\View\View->CodeIgniter\View\{closure}()
 4 SYSTEMPATH\Common.php(1190): CodeIgniter\View\View->render('review_game', [], true)
 5 APPPATH\Controllers\Home.php(31): view('review_game')
 6 SYSTEMPATH\CodeIgniter.php(942): App\Controllers\Home->review()
 7 SYSTEMPATH\CodeIgniter.php(502): CodeIgniter\CodeIgniter->runController(Object(App\Controllers\Home))
 8 SYSTEMPATH\CodeIgniter.php(361): CodeIgniter\CodeIgniter->handleRequest(null, Object(Config\Cache), false)
 9 FCPATH\index.php(79): CodeIgniter\CodeIgniter->run()
CRITICAL - 2023-11-19 17:53:19 --> Undefined variable $review
in APPPATH\Views\review_game.php on line 23.
 1 APPPATH\Views\review_game.php(23): CodeIgniter\Debug\Exceptions->errorHandler(2, 'Undefined variable $review', 'C:\\xampp\\htdocs\\ci4\\app\\Views\\review_game.php', 23)
 2 SYSTEMPATH\View\View.php(228): include('C:\\xampp\\htdocs\\ci4\\app\\Views\\review_game.php')
 3 SYSTEMPATH\View\View.php(231): CodeIgniter\View\View->CodeIgniter\View\{closure}()
 4 SYSTEMPATH\Common.php(1190): CodeIgniter\View\View->render('review_game', [], true)
 5 APPPATH\Controllers\Home.php(31): view('review_game')
 6 SYSTEMPATH\CodeIgniter.php(942): App\Controllers\Home->review()
 7 SYSTEMPATH\CodeIgniter.php(502): CodeIgniter\CodeIgniter->runController(Object(App\Controllers\Home))
 8 SYSTEMPATH\CodeIgniter.php(361): CodeIgniter\CodeIgniter->handleRequest(null, Object(Config\Cache), false)
 9 FCPATH\index.php(79): CodeIgniter\CodeIgniter->run()
CRITICAL - 2023-11-19 17:53:19 --> Undefined variable $review
in APPPATH\Views\review_game.php on line 23.
 1 APPPATH\Views\review_game.php(23): CodeIgniter\Debug\Exceptions->errorHandler(2, 'Undefined variable $review', 'C:\\xampp\\htdocs\\ci4\\app\\Views\\review_game.php', 23)
 2 SYSTEMPATH\View\View.php(228): include('C:\\xampp\\htdocs\\ci4\\app\\Views\\review_game.php')
 3 SYSTEMPATH\View\View.php(231): CodeIgniter\View\View->CodeIgniter\View\{closure}()
 4 SYSTEMPATH\Common.php(1190): CodeIgniter\View\View->render('review_game', [], true)
 5 APPPATH\Controllers\Home.php(31): view('review_game')
 6 SYSTEMPATH\CodeIgniter.php(942): App\Controllers\Home->review()
 7 SYSTEMPATH\CodeIgniter.php(502): CodeIgniter\CodeIgniter->runController(Object(App\Controllers\Home))
 8 SYSTEMPATH\CodeIgniter.php(361): CodeIgniter\CodeIgniter->handleRequest(null, Object(Config\Cache), false)
 9 FCPATH\index.php(79): CodeIgniter\CodeIgniter->run()
CRITICAL - 2023-11-19 17:53:19 --> Undefined variable $review
in APPPATH\Views\review_game.php on line 23.
 1 APPPATH\Views\review_game.php(23): CodeIgniter\Debug\Exceptions->errorHandler(2, 'Undefined variable $review', 'C:\\xampp\\htdocs\\ci4\\app\\Views\\review_game.php', 23)
 2 SYSTEMPATH\View\View.php(228): include('C:\\xampp\\htdocs\\ci4\\app\\Views\\review_game.php')
 3 SYSTEMPATH\View\View.php(231): CodeIgniter\View\View->CodeIgniter\View\{closure}()
 4 SYSTEMPATH\Common.php(1190): CodeIgniter\View\View->render('review_game', [], true)
 5 APPPATH\Controllers\Home.php(31): view('review_game')
 6 SYSTEMPATH\CodeIgniter.php(942): App\Controllers\Home->review()
 7 SYSTEMPATH\CodeIgniter.php(502): CodeIgniter\CodeIgniter->runController(Object(App\Controllers\Home))
 8 SYSTEMPATH\CodeIgniter.php(361): CodeIgniter\CodeIgniter->handleRequest(null, Object(Config\Cache), false)
 9 FCPATH\index.php(79): CodeIgniter\CodeIgniter->run()
CRITICAL - 2023-11-19 17:53:20 --> Undefined variable $review
in APPPATH\Views\review_game.php on line 23.
 1 APPPATH\Views\review_game.php(23): CodeIgniter\Debug\Exceptions->errorHandler(2, 'Undefined variable $review', 'C:\\xampp\\htdocs\\ci4\\app\\Views\\review_game.php', 23)
 2 SYSTEMPATH\View\View.php(228): include('C:\\xampp\\htdocs\\ci4\\app\\Views\\review_game.php')
 3 SYSTEMPATH\View\View.php(231): CodeIgniter\View\View->CodeIgniter\View\{closure}()
 4 SYSTEMPATH\Common.php(1190): CodeIgniter\View\View->render('review_game', [], true)
 5 APPPATH\Controllers\Home.php(31): view('review_game')
 6 SYSTEMPATH\CodeIgniter.php(942): App\Controllers\Home->review()
 7 SYSTEMPATH\CodeIgniter.php(502): CodeIgniter\CodeIgniter->runController(Object(App\Controllers\Home))
 8 SYSTEMPATH\CodeIgniter.php(361): CodeIgniter\CodeIgniter->handleRequest(null, Object(Config\Cache), false)
 9 FCPATH\index.php(79): CodeIgniter\CodeIgniter->run()
CRITICAL - 2023-11-19 17:54:01 --> Undefined variable $review
in APPPATH\Views\review_game.php on line 23.
 1 APPPATH\Views\review_game.php(23): CodeIgniter\Debug\Exceptions->errorHandler(2, 'Undefined variable $review', 'C:\\xampp\\htdocs\\ci4\\app\\Views\\review_game.php', 23)
 2 SYSTEMPATH\View\View.php(228): include('C:\\xampp\\htdocs\\ci4\\app\\Views\\review_game.php')
 3 SYSTEMPATH\View\View.php(231): CodeIgniter\View\View->CodeIgniter\View\{closure}()
 4 SYSTEMPATH\Common.php(1190): CodeIgniter\View\View->render('review_game', [], true)
 5 APPPATH\Controllers\Home.php(31): view('review_game')
 6 SYSTEMPATH\CodeIgniter.php(942): App\Controllers\Home->review()
 7 SYSTEMPATH\CodeIgniter.php(502): CodeIgniter\CodeIgniter->runController(Object(App\Controllers\Home))
 8 SYSTEMPATH\CodeIgniter.php(361): CodeIgniter\CodeIgniter->handleRequest(null, Object(Config\Cache), false)
 9 FCPATH\index.php(79): CodeIgniter\CodeIgniter->run()
CRITICAL - 2023-11-19 17:54:01 --> Undefined variable $review
in APPPATH\Views\review_game.php on line 23.
 1 APPPATH\Views\review_game.php(23): CodeIgniter\Debug\Exceptions->errorHandler(2, 'Undefined variable $review', 'C:\\xampp\\htdocs\\ci4\\app\\Views\\review_game.php', 23)
 2 SYSTEMPATH\View\View.php(228): include('C:\\xampp\\htdocs\\ci4\\app\\Views\\review_game.php')
 3 SYSTEMPATH\View\View.php(231): CodeIgniter\View\View->CodeIgniter\View\{closure}()
 4 SYSTEMPATH\Common.php(1190): CodeIgniter\View\View->render('review_game', [], true)
 5 APPPATH\Controllers\Home.php(31): view('review_game')
 6 SYSTEMPATH\CodeIgniter.php(942): App\Controllers\Home->review()
 7 SYSTEMPATH\CodeIgniter.php(502): CodeIgniter\CodeIgniter->runController(Object(App\Controllers\Home))
 8 SYSTEMPATH\CodeIgniter.php(361): CodeIgniter\CodeIgniter->handleRequest(null, Object(Config\Cache), false)
 9 FCPATH\index.php(79): CodeIgniter\CodeIgniter->run()
CRITICAL - 2023-11-19 17:56:20 --> Undefined variable $reviews
in APPPATH\Views\review_game.php on line 23.
 1 APPPATH\Views\review_game.php(23): CodeIgniter\Debug\Exceptions->errorHandler(2, 'Undefined variable $reviews', 'C:\\xampp\\htdocs\\ci4\\app\\Views\\review_game.php', 23)
 2 SYSTEMPATH\View\View.php(228): include('C:\\xampp\\htdocs\\ci4\\app\\Views\\review_game.php')
 3 SYSTEMPATH\View\View.php(231): CodeIgniter\View\View->CodeIgniter\View\{closure}()
 4 SYSTEMPATH\Common.php(1190): CodeIgniter\View\View->render('review_game', [], true)
 5 APPPATH\Controllers\Home.php(31): view('review_game')
 6 SYSTEMPATH\CodeIgniter.php(942): App\Controllers\Home->review()
 7 SYSTEMPATH\CodeIgniter.php(502): CodeIgniter\CodeIgniter->runController(Object(App\Controllers\Home))
 8 SYSTEMPATH\CodeIgniter.php(361): CodeIgniter\CodeIgniter->handleRequest(null, Object(Config\Cache), false)
 9 FCPATH\index.php(79): CodeIgniter\CodeIgniter->run()
CRITICAL - 2023-11-19 17:56:21 --> Undefined variable $reviews
in APPPATH\Views\review_game.php on line 23.
 1 APPPATH\Views\review_game.php(23): CodeIgniter\Debug\Exceptions->errorHandler(2, 'Undefined variable $reviews', 'C:\\xampp\\htdocs\\ci4\\app\\Views\\review_game.php', 23)
 2 SYSTEMPATH\View\View.php(228): include('C:\\xampp\\htdocs\\ci4\\app\\Views\\review_game.php')
 3 SYSTEMPATH\View\View.php(231): CodeIgniter\View\View->CodeIgniter\View\{closure}()
 4 SYSTEMPATH\Common.php(1190): CodeIgniter\View\View->render('review_game', [], true)
 5 APPPATH\Controllers\Home.php(31): view('review_game')
 6 SYSTEMPATH\CodeIgniter.php(942): App\Controllers\Home->review()
 7 SYSTEMPATH\CodeIgniter.php(502): CodeIgniter\CodeIgniter->runController(Object(App\Controllers\Home))
 8 SYSTEMPATH\CodeIgniter.php(361): CodeIgniter\CodeIgniter->handleRequest(null, Object(Config\Cache), false)
 9 FCPATH\index.php(79): CodeIgniter\CodeIgniter->run()
CRITICAL - 2023-11-19 17:56:21 --> Undefined variable $reviews
in APPPATH\Views\review_game.php on line 23.
 1 APPPATH\Views\review_game.php(23): CodeIgniter\Debug\Exceptions->errorHandler(2, 'Undefined variable $reviews', 'C:\\xampp\\htdocs\\ci4\\app\\Views\\review_game.php', 23)
 2 SYSTEMPATH\View\View.php(228): include('C:\\xampp\\htdocs\\ci4\\app\\Views\\review_game.php')
 3 SYSTEMPATH\View\View.php(231): CodeIgniter\View\View->CodeIgniter\View\{closure}()
 4 SYSTEMPATH\Common.php(1190): CodeIgniter\View\View->render('review_game', [], true)
 5 APPPATH\Controllers\Home.php(31): view('review_game')
 6 SYSTEMPATH\CodeIgniter.php(942): App\Controllers\Home->review()
 7 SYSTEMPATH\CodeIgniter.php(502): CodeIgniter\CodeIgniter->runController(Object(App\Controllers\Home))
 8 SYSTEMPATH\CodeIgniter.php(361): CodeIgniter\CodeIgniter->handleRequest(null, Object(Config\Cache), false)
 9 FCPATH\index.php(79): CodeIgniter\CodeIgniter->run()
CRITICAL - 2023-11-19 17:56:22 --> Undefined variable $reviews
in APPPATH\Views\review_game.php on line 23.
 1 APPPATH\Views\review_game.php(23): CodeIgniter\Debug\Exceptions->errorHandler(2, 'Undefined variable $reviews', 'C:\\xampp\\htdocs\\ci4\\app\\Views\\review_game.php', 23)
 2 SYSTEMPATH\View\View.php(228): include('C:\\xampp\\htdocs\\ci4\\app\\Views\\review_game.php')
 3 SYSTEMPATH\View\View.php(231): CodeIgniter\View\View->CodeIgniter\View\{closure}()
 4 SYSTEMPATH\Common.php(1190): CodeIgniter\View\View->render('review_game', [], true)
 5 APPPATH\Controllers\Home.php(31): view('review_game')
 6 SYSTEMPATH\CodeIgniter.php(942): App\Controllers\Home->review()
 7 SYSTEMPATH\CodeIgniter.php(502): CodeIgniter\CodeIgniter->runController(Object(App\Controllers\Home))
 8 SYSTEMPATH\CodeIgniter.php(361): CodeIgniter\CodeIgniter->handleRequest(null, Object(Config\Cache), false)
 9 FCPATH\index.php(79): CodeIgniter\CodeIgniter->run()
CRITICAL - 2023-11-19 17:56:22 --> Undefined variable $reviews
in APPPATH\Views\review_game.php on line 23.
 1 APPPATH\Views\review_game.php(23): CodeIgniter\Debug\Exceptions->errorHandler(2, 'Undefined variable $reviews', 'C:\\xampp\\htdocs\\ci4\\app\\Views\\review_game.php', 23)
 2 SYSTEMPATH\View\View.php(228): include('C:\\xampp\\htdocs\\ci4\\app\\Views\\review_game.php')
 3 SYSTEMPATH\View\View.php(231): CodeIgniter\View\View->CodeIgniter\View\{closure}()
 4 SYSTEMPATH\Common.php(1190): CodeIgniter\View\View->render('review_game', [], true)
 5 APPPATH\Controllers\Home.php(31): view('review_game')
 6 SYSTEMPATH\CodeIgniter.php(942): App\Controllers\Home->review()
 7 SYSTEMPATH\CodeIgniter.php(502): CodeIgniter\CodeIgniter->runController(Object(App\Controllers\Home))
 8 SYSTEMPATH\CodeIgniter.php(361): CodeIgniter\CodeIgniter->handleRequest(null, Object(Config\Cache), false)
 9 FCPATH\index.php(79): CodeIgniter\CodeIgniter->run()
CRITICAL - 2023-11-19 17:56:22 --> Undefined variable $reviews
in APPPATH\Views\review_game.php on line 23.
 1 APPPATH\Views\review_game.php(23): CodeIgniter\Debug\Exceptions->errorHandler(2, 'Undefined variable $reviews', 'C:\\xampp\\htdocs\\ci4\\app\\Views\\review_game.php', 23)
 2 SYSTEMPATH\View\View.php(228): include('C:\\xampp\\htdocs\\ci4\\app\\Views\\review_game.php')
 3 SYSTEMPATH\View\View.php(231): CodeIgniter\View\View->CodeIgniter\View\{closure}()
 4 SYSTEMPATH\Common.php(1190): CodeIgniter\View\View->render('review_game', [], true)
 5 APPPATH\Controllers\Home.php(31): view('review_game')
 6 SYSTEMPATH\CodeIgniter.php(942): App\Controllers\Home->review()
 7 SYSTEMPATH\CodeIgniter.php(502): CodeIgniter\CodeIgniter->runController(Object(App\Controllers\Home))
 8 SYSTEMPATH\CodeIgniter.php(361): CodeIgniter\CodeIgniter->handleRequest(null, Object(Config\Cache), false)
 9 FCPATH\index.php(79): CodeIgniter\CodeIgniter->run()
CRITICAL - 2023-11-19 17:56:22 --> Undefined variable $reviews
in APPPATH\Views\review_game.php on line 23.
 1 APPPATH\Views\review_game.php(23): CodeIgniter\Debug\Exceptions->errorHandler(2, 'Undefined variable $reviews', 'C:\\xampp\\htdocs\\ci4\\app\\Views\\review_game.php', 23)
 2 SYSTEMPATH\View\View.php(228): include('C:\\xampp\\htdocs\\ci4\\app\\Views\\review_game.php')
 3 SYSTEMPATH\View\View.php(231): CodeIgniter\View\View->CodeIgniter\View\{closure}()
 4 SYSTEMPATH\Common.php(1190): CodeIgniter\View\View->render('review_game', [], true)
 5 APPPATH\Controllers\Home.php(31): view('review_game')
 6 SYSTEMPATH\CodeIgniter.php(942): App\Controllers\Home->review()
 7 SYSTEMPATH\CodeIgniter.php(502): CodeIgniter\CodeIgniter->runController(Object(App\Controllers\Home))
 8 SYSTEMPATH\CodeIgniter.php(361): CodeIgniter\CodeIgniter->handleRequest(null, Object(Config\Cache), false)
 9 FCPATH\index.php(79): CodeIgniter\CodeIgniter->run()
CRITICAL - 2023-11-19 17:56:22 --> Undefined variable $reviews
in APPPATH\Views\review_game.php on line 23.
 1 APPPATH\Views\review_game.php(23): CodeIgniter\Debug\Exceptions->errorHandler(2, 'Undefined variable $reviews', 'C:\\xampp\\htdocs\\ci4\\app\\Views\\review_game.php', 23)
 2 SYSTEMPATH\View\View.php(228): include('C:\\xampp\\htdocs\\ci4\\app\\Views\\review_game.php')
 3 SYSTEMPATH\View\View.php(231): CodeIgniter\View\View->CodeIgniter\View\{closure}()
 4 SYSTEMPATH\Common.php(1190): CodeIgniter\View\View->render('review_game', [], true)
 5 APPPATH\Controllers\Home.php(31): view('review_game')
 6 SYSTEMPATH\CodeIgniter.php(942): App\Controllers\Home->review()
 7 SYSTEMPATH\CodeIgniter.php(502): CodeIgniter\CodeIgniter->runController(Object(App\Controllers\Home))
 8 SYSTEMPATH\CodeIgniter.php(361): CodeIgniter\CodeIgniter->handleRequest(null, Object(Config\Cache), false)
 9 FCPATH\index.php(79): CodeIgniter\CodeIgniter->run()
CRITICAL - 2023-11-19 17:56:28 --> Undefined variable $review
in APPPATH\Views\review_game.php on line 23.
 1 APPPATH\Views\review_game.php(23): CodeIgniter\Debug\Exceptions->errorHandler(2, 'Undefined variable $review', 'C:\\xampp\\htdocs\\ci4\\app\\Views\\review_game.php', 23)
 2 SYSTEMPATH\View\View.php(228): include('C:\\xampp\\htdocs\\ci4\\app\\Views\\review_game.php')
 3 SYSTEMPATH\View\View.php(231): CodeIgniter\View\View->CodeIgniter\View\{closure}()
 4 SYSTEMPATH\Common.php(1190): CodeIgniter\View\View->render('review_game', [], true)
 5 APPPATH\Controllers\Home.php(31): view('review_game')
 6 SYSTEMPATH\CodeIgniter.php(942): App\Controllers\Home->review()
 7 SYSTEMPATH\CodeIgniter.php(502): CodeIgniter\CodeIgniter->runController(Object(App\Controllers\Home))
 8 SYSTEMPATH\CodeIgniter.php(361): CodeIgniter\CodeIgniter->handleRequest(null, Object(Config\Cache), false)
 9 FCPATH\index.php(79): CodeIgniter\CodeIgniter->run()
CRITICAL - 2023-11-19 17:56:28 --> Undefined variable $review
in APPPATH\Views\review_game.php on line 23.
 1 APPPATH\Views\review_game.php(23): CodeIgniter\Debug\Exceptions->errorHandler(2, 'Undefined variable $review', 'C:\\xampp\\htdocs\\ci4\\app\\Views\\review_game.php', 23)
 2 SYSTEMPATH\View\View.php(228): include('C:\\xampp\\htdocs\\ci4\\app\\Views\\review_game.php')
 3 SYSTEMPATH\View\View.php(231): CodeIgniter\View\View->CodeIgniter\View\{closure}()
 4 SYSTEMPATH\Common.php(1190): CodeIgniter\View\View->render('review_game', [], true)
 5 APPPATH\Controllers\Home.php(31): view('review_game')
 6 SYSTEMPATH\CodeIgniter.php(942): App\Controllers\Home->review()
 7 SYSTEMPATH\CodeIgniter.php(502): CodeIgniter\CodeIgniter->runController(Object(App\Controllers\Home))
 8 SYSTEMPATH\CodeIgniter.php(361): CodeIgniter\CodeIgniter->handleRequest(null, Object(Config\Cache), false)
 9 FCPATH\index.php(79): CodeIgniter\CodeIgniter->run()
CRITICAL - 2023-11-19 17:56:28 --> Undefined variable $review
in APPPATH\Views\review_game.php on line 23.
 1 APPPATH\Views\review_game.php(23): CodeIgniter\Debug\Exceptions->errorHandler(2, 'Undefined variable $review', 'C:\\xampp\\htdocs\\ci4\\app\\Views\\review_game.php', 23)
 2 SYSTEMPATH\View\View.php(228): include('C:\\xampp\\htdocs\\ci4\\app\\Views\\review_game.php')
 3 SYSTEMPATH\View\View.php(231): CodeIgniter\View\View->CodeIgniter\View\{closure}()
 4 SYSTEMPATH\Common.php(1190): CodeIgniter\View\View->render('review_game', [], true)
 5 APPPATH\Controllers\Home.php(31): view('review_game')
 6 SYSTEMPATH\CodeIgniter.php(942): App\Controllers\Home->review()
 7 SYSTEMPATH\CodeIgniter.php(502): CodeIgniter\CodeIgniter->runController(Object(App\Controllers\Home))
 8 SYSTEMPATH\CodeIgniter.php(361): CodeIgniter\CodeIgniter->handleRequest(null, Object(Config\Cache), false)
 9 FCPATH\index.php(79): CodeIgniter\CodeIgniter->run()
CRITICAL - 2023-11-19 17:56:29 --> Undefined variable $review
in APPPATH\Views\review_game.php on line 23.
 1 APPPATH\Views\review_game.php(23): CodeIgniter\Debug\Exceptions->errorHandler(2, 'Undefined variable $review', 'C:\\xampp\\htdocs\\ci4\\app\\Views\\review_game.php', 23)
 2 SYSTEMPATH\View\View.php(228): include('C:\\xampp\\htdocs\\ci4\\app\\Views\\review_game.php')
 3 SYSTEMPATH\View\View.php(231): CodeIgniter\View\View->CodeIgniter\View\{closure}()
 4 SYSTEMPATH\Common.php(1190): CodeIgniter\View\View->render('review_game', [], true)
 5 APPPATH\Controllers\Home.php(31): view('review_game')
 6 SYSTEMPATH\CodeIgniter.php(942): App\Controllers\Home->review()
 7 SYSTEMPATH\CodeIgniter.php(502): CodeIgniter\CodeIgniter->runController(Object(App\Controllers\Home))
 8 SYSTEMPATH\CodeIgniter.php(361): CodeIgniter\CodeIgniter->handleRequest(null, Object(Config\Cache), false)
 9 FCPATH\index.php(79): CodeIgniter\CodeIgniter->run()
CRITICAL - 2023-11-19 17:56:29 --> Undefined variable $review
in APPPATH\Views\review_game.php on line 23.
 1 APPPATH\Views\review_game.php(23): CodeIgniter\Debug\Exceptions->errorHandler(2, 'Undefined variable $review', 'C:\\xampp\\htdocs\\ci4\\app\\Views\\review_game.php', 23)
 2 SYSTEMPATH\View\View.php(228): include('C:\\xampp\\htdocs\\ci4\\app\\Views\\review_game.php')
 3 SYSTEMPATH\View\View.php(231): CodeIgniter\View\View->CodeIgniter\View\{closure}()
 4 SYSTEMPATH\Common.php(1190): CodeIgniter\View\View->render('review_game', [], true)
 5 APPPATH\Controllers\Home.php(31): view('review_game')
 6 SYSTEMPATH\CodeIgniter.php(942): App\Controllers\Home->review()
 7 SYSTEMPATH\CodeIgniter.php(502): CodeIgniter\CodeIgniter->runController(Object(App\Controllers\Home))
 8 SYSTEMPATH\CodeIgniter.php(361): CodeIgniter\CodeIgniter->handleRequest(null, Object(Config\Cache), false)
 9 FCPATH\index.php(79): CodeIgniter\CodeIgniter->run()
CRITICAL - 2023-11-19 17:56:33 --> Undefined variable $reviews
in APPPATH\Views\review_game.php on line 23.
 1 APPPATH\Views\review_game.php(23): CodeIgniter\Debug\Exceptions->errorHandler(2, 'Undefined variable $reviews', 'C:\\xampp\\htdocs\\ci4\\app\\Views\\review_game.php', 23)
 2 SYSTEMPATH\View\View.php(228): include('C:\\xampp\\htdocs\\ci4\\app\\Views\\review_game.php')
 3 SYSTEMPATH\View\View.php(231): CodeIgniter\View\View->CodeIgniter\View\{closure}()
 4 SYSTEMPATH\Common.php(1190): CodeIgniter\View\View->render('review_game', [], true)
 5 APPPATH\Controllers\Home.php(31): view('review_game')
 6 SYSTEMPATH\CodeIgniter.php(942): App\Controllers\Home->review()
 7 SYSTEMPATH\CodeIgniter.php(502): CodeIgniter\CodeIgniter->runController(Object(App\Controllers\Home))
 8 SYSTEMPATH\CodeIgniter.php(361): CodeIgniter\CodeIgniter->handleRequest(null, Object(Config\Cache), false)
 9 FCPATH\index.php(79): CodeIgniter\CodeIgniter->run()
CRITICAL - 2023-11-19 17:58:06 --> Undefined variable $reviews
in APPPATH\Views\review_game.php on line 23.
 1 APPPATH\Views\review_game.php(23): CodeIgniter\Debug\Exceptions->errorHandler(2, 'Undefined variable $reviews', 'C:\\xampp\\htdocs\\ci4\\app\\Views\\review_game.php', 23)
 2 SYSTEMPATH\View\View.php(228): include('C:\\xampp\\htdocs\\ci4\\app\\Views\\review_game.php')
 3 SYSTEMPATH\View\View.php(231): CodeIgniter\View\View->CodeIgniter\View\{closure}()
 4 SYSTEMPATH\Common.php(1190): CodeIgniter\View\View->render('review_game', [], true)
 5 APPPATH\Controllers\Home.php(32): view('review_game')
 6 SYSTEMPATH\CodeIgniter.php(942): App\Controllers\Home->review()
 7 SYSTEMPATH\CodeIgniter.php(502): CodeIgniter\CodeIgniter->runController(Object(App\Controllers\Home))
 8 SYSTEMPATH\CodeIgniter.php(361): CodeIgniter\CodeIgniter->handleRequest(null, Object(Config\Cache), false)
 9 FCPATH\index.php(79): CodeIgniter\CodeIgniter->run()
CRITICAL - 2023-11-19 17:58:07 --> Undefined variable $reviews
in APPPATH\Views\review_game.php on line 23.
 1 APPPATH\Views\review_game.php(23): CodeIgniter\Debug\Exceptions->errorHandler(2, 'Undefined variable $reviews', 'C:\\xampp\\htdocs\\ci4\\app\\Views\\review_game.php', 23)
 2 SYSTEMPATH\View\View.php(228): include('C:\\xampp\\htdocs\\ci4\\app\\Views\\review_game.php')
 3 SYSTEMPATH\View\View.php(231): CodeIgniter\View\View->CodeIgniter\View\{closure}()
 4 SYSTEMPATH\Common.php(1190): CodeIgniter\View\View->render('review_game', [], true)
 5 APPPATH\Controllers\Home.php(32): view('review_game')
 6 SYSTEMPATH\CodeIgniter.php(942): App\Controllers\Home->review()
 7 SYSTEMPATH\CodeIgniter.php(502): CodeIgniter\CodeIgniter->runController(Object(App\Controllers\Home))
 8 SYSTEMPATH\CodeIgniter.php(361): CodeIgniter\CodeIgniter->handleRequest(null, Object(Config\Cache), false)
 9 FCPATH\index.php(79): CodeIgniter\CodeIgniter->run()
CRITICAL - 2023-11-19 17:58:07 --> Undefined variable $reviews
in APPPATH\Views\review_game.php on line 23.
 1 APPPATH\Views\review_game.php(23): CodeIgniter\Debug\Exceptions->errorHandler(2, 'Undefined variable $reviews', 'C:\\xampp\\htdocs\\ci4\\app\\Views\\review_game.php', 23)
 2 SYSTEMPATH\View\View.php(228): include('C:\\xampp\\htdocs\\ci4\\app\\Views\\review_game.php')
 3 SYSTEMPATH\View\View.php(231): CodeIgniter\View\View->CodeIgniter\View\{closure}()
 4 SYSTEMPATH\Common.php(1190): CodeIgniter\View\View->render('review_game', [], true)
 5 APPPATH\Controllers\Home.php(32): view('review_game')
 6 SYSTEMPATH\CodeIgniter.php(942): App\Controllers\Home->review()
 7 SYSTEMPATH\CodeIgniter.php(502): CodeIgniter\CodeIgniter->runController(Object(App\Controllers\Home))
 8 SYSTEMPATH\CodeIgniter.php(361): CodeIgniter\CodeIgniter->handleRequest(null, Object(Config\Cache), false)
 9 FCPATH\index.php(79): CodeIgniter\CodeIgniter->run()
CRITICAL - 2023-11-19 17:58:07 --> Undefined variable $reviews
in APPPATH\Views\review_game.php on line 23.
 1 APPPATH\Views\review_game.php(23): CodeIgniter\Debug\Exceptions->errorHandler(2, 'Undefined variable $reviews', 'C:\\xampp\\htdocs\\ci4\\app\\Views\\review_game.php', 23)
 2 SYSTEMPATH\View\View.php(228): include('C:\\xampp\\htdocs\\ci4\\app\\Views\\review_game.php')
 3 SYSTEMPATH\View\View.php(231): CodeIgniter\View\View->CodeIgniter\View\{closure}()
 4 SYSTEMPATH\Common.php(1190): CodeIgniter\View\View->render('review_game', [], true)
 5 APPPATH\Controllers\Home.php(32): view('review_game')
 6 SYSTEMPATH\CodeIgniter.php(942): App\Controllers\Home->review()
 7 SYSTEMPATH\CodeIgniter.php(502): CodeIgniter\CodeIgniter->runController(Object(App\Controllers\Home))
 8 SYSTEMPATH\CodeIgniter.php(361): CodeIgniter\CodeIgniter->handleRequest(null, Object(Config\Cache), false)
 9 FCPATH\index.php(79): CodeIgniter\CodeIgniter->run()
CRITICAL - 2023-11-19 17:58:07 --> Undefined variable $reviews
in APPPATH\Views\review_game.php on line 23.
 1 APPPATH\Views\review_game.php(23): CodeIgniter\Debug\Exceptions->errorHandler(2, 'Undefined variable $reviews', 'C:\\xampp\\htdocs\\ci4\\app\\Views\\review_game.php', 23)
 2 SYSTEMPATH\View\View.php(228): include('C:\\xampp\\htdocs\\ci4\\app\\Views\\review_game.php')
 3 SYSTEMPATH\View\View.php(231): CodeIgniter\View\View->CodeIgniter\View\{closure}()
 4 SYSTEMPATH\Common.php(1190): CodeIgniter\View\View->render('review_game', [], true)
 5 APPPATH\Controllers\Home.php(32): view('review_game')
 6 SYSTEMPATH\CodeIgniter.php(942): App\Controllers\Home->review()
 7 SYSTEMPATH\CodeIgniter.php(502): CodeIgniter\CodeIgniter->runController(Object(App\Controllers\Home))
 8 SYSTEMPATH\CodeIgniter.php(361): CodeIgniter\CodeIgniter->handleRequest(null, Object(Config\Cache), false)
 9 FCPATH\index.php(79): CodeIgniter\CodeIgniter->run()
CRITICAL - 2023-11-19 17:58:08 --> Undefined variable $reviews
in APPPATH\Views\review_game.php on line 23.
 1 APPPATH\Views\review_game.php(23): CodeIgniter\Debug\Exceptions->errorHandler(2, 'Undefined variable $reviews', 'C:\\xampp\\htdocs\\ci4\\app\\Views\\review_game.php', 23)
 2 SYSTEMPATH\View\View.php(228): include('C:\\xampp\\htdocs\\ci4\\app\\Views\\review_game.php')
 3 SYSTEMPATH\View\View.php(231): CodeIgniter\View\View->CodeIgniter\View\{closure}()
 4 SYSTEMPATH\Common.php(1190): CodeIgniter\View\View->render('review_game', [], true)
 5 APPPATH\Controllers\Home.php(32): view('review_game')
 6 SYSTEMPATH\CodeIgniter.php(942): App\Controllers\Home->review()
 7 SYSTEMPATH\CodeIgniter.php(502): CodeIgniter\CodeIgniter->runController(Object(App\Controllers\Home))
 8 SYSTEMPATH\CodeIgniter.php(361): CodeIgniter\CodeIgniter->handleRequest(null, Object(Config\Cache), false)
 9 FCPATH\index.php(79): CodeIgniter\CodeIgniter->run()
CRITICAL - 2023-11-19 17:58:08 --> Undefined variable $reviews
in APPPATH\Views\review_game.php on line 23.
 1 APPPATH\Views\review_game.php(23): CodeIgniter\Debug\Exceptions->errorHandler(2, 'Undefined variable $reviews', 'C:\\xampp\\htdocs\\ci4\\app\\Views\\review_game.php', 23)
 2 SYSTEMPATH\View\View.php(228): include('C:\\xampp\\htdocs\\ci4\\app\\Views\\review_game.php')
 3 SYSTEMPATH\View\View.php(231): CodeIgniter\View\View->CodeIgniter\View\{closure}()
 4 SYSTEMPATH\Common.php(1190): CodeIgniter\View\View->render('review_game', [], true)
 5 APPPATH\Controllers\Home.php(32): view('review_game')
 6 SYSTEMPATH\CodeIgniter.php(942): App\Controllers\Home->review()
 7 SYSTEMPATH\CodeIgniter.php(502): CodeIgniter\CodeIgniter->runController(Object(App\Controllers\Home))
 8 SYSTEMPATH\CodeIgniter.php(361): CodeIgniter\CodeIgniter->handleRequest(null, Object(Config\Cache), false)
 9 FCPATH\index.php(79): CodeIgniter\CodeIgniter->run()
CRITICAL - 2023-11-19 17:58:08 --> Undefined variable $reviews
in APPPATH\Views\review_game.php on line 23.
 1 APPPATH\Views\review_game.php(23): CodeIgniter\Debug\Exceptions->errorHandler(2, 'Undefined variable $reviews', 'C:\\xampp\\htdocs\\ci4\\app\\Views\\review_game.php', 23)
 2 SYSTEMPATH\View\View.php(228): include('C:\\xampp\\htdocs\\ci4\\app\\Views\\review_game.php')
 3 SYSTEMPATH\View\View.php(231): CodeIgniter\View\View->CodeIgniter\View\{closure}()
 4 SYSTEMPATH\Common.php(1190): CodeIgniter\View\View->render('review_game', [], true)
 5 APPPATH\Controllers\Home.php(32): view('review_game')
 6 SYSTEMPATH\CodeIgniter.php(942): App\Controllers\Home->review()
 7 SYSTEMPATH\CodeIgniter.php(502): CodeIgniter\CodeIgniter->runController(Object(App\Controllers\Home))
 8 SYSTEMPATH\CodeIgniter.php(361): CodeIgniter\CodeIgniter->handleRequest(null, Object(Config\Cache), false)
 9 FCPATH\index.php(79): CodeIgniter\CodeIgniter->run()
CRITICAL - 2023-11-19 18:00:39 --> Undefined variable $reviews
in APPPATH\Views\review_game.php on line 23.
 1 APPPATH\Views\review_game.php(23): CodeIgniter\Debug\Exceptions->errorHandler(2, 'Undefined variable $reviews', 'C:\\xampp\\htdocs\\ci4\\app\\Views\\review_game.php', 23)
 2 SYSTEMPATH\View\View.php(228): include('C:\\xampp\\htdocs\\ci4\\app\\Views\\review_game.php')
 3 SYSTEMPATH\View\View.php(231): CodeIgniter\View\View->CodeIgniter\View\{closure}()
 4 SYSTEMPATH\Common.php(1190): CodeIgniter\View\View->render('review_game', [], true)
 5 APPPATH\Controllers\Home.php(32): view('review_game')
 6 SYSTEMPATH\CodeIgniter.php(942): App\Controllers\Home->review()
 7 SYSTEMPATH\CodeIgniter.php(502): CodeIgniter\CodeIgniter->runController(Object(App\Controllers\Home))
 8 SYSTEMPATH\CodeIgniter.php(361): CodeIgniter\CodeIgniter->handleRequest(null, Object(Config\Cache), false)
 9 FCPATH\index.php(79): CodeIgniter\CodeIgniter->run()
CRITICAL - 2023-11-19 18:00:39 --> Undefined variable $reviews
in APPPATH\Views\review_game.php on line 23.
 1 APPPATH\Views\review_game.php(23): CodeIgniter\Debug\Exceptions->errorHandler(2, 'Undefined variable $reviews', 'C:\\xampp\\htdocs\\ci4\\app\\Views\\review_game.php', 23)
 2 SYSTEMPATH\View\View.php(228): include('C:\\xampp\\htdocs\\ci4\\app\\Views\\review_game.php')
 3 SYSTEMPATH\View\View.php(231): CodeIgniter\View\View->CodeIgniter\View\{closure}()
 4 SYSTEMPATH\Common.php(1190): CodeIgniter\View\View->render('review_game', [], true)
 5 APPPATH\Controllers\Home.php(32): view('review_game')
 6 SYSTEMPATH\CodeIgniter.php(942): App\Controllers\Home->review()
 7 SYSTEMPATH\CodeIgniter.php(502): CodeIgniter\CodeIgniter->runController(Object(App\Controllers\Home))
 8 SYSTEMPATH\CodeIgniter.php(361): CodeIgniter\CodeIgniter->handleRequest(null, Object(Config\Cache), false)
 9 FCPATH\index.php(79): CodeIgniter\CodeIgniter->run()
CRITICAL - 2023-11-19 18:00:40 --> Undefined variable $reviews
in APPPATH\Views\review_game.php on line 23.
 1 APPPATH\Views\review_game.php(23): CodeIgniter\Debug\Exceptions->errorHandler(2, 'Undefined variable $reviews', 'C:\\xampp\\htdocs\\ci4\\app\\Views\\review_game.php', 23)
 2 SYSTEMPATH\View\View.php(228): include('C:\\xampp\\htdocs\\ci4\\app\\Views\\review_game.php')
 3 SYSTEMPATH\View\View.php(231): CodeIgniter\View\View->CodeIgniter\View\{closure}()
 4 SYSTEMPATH\Common.php(1190): CodeIgniter\View\View->render('review_game', [], true)
 5 APPPATH\Controllers\Home.php(32): view('review_game')
 6 SYSTEMPATH\CodeIgniter.php(942): App\Controllers\Home->review()
 7 SYSTEMPATH\CodeIgniter.php(502): CodeIgniter\CodeIgniter->runController(Object(App\Controllers\Home))
 8 SYSTEMPATH\CodeIgniter.php(361): CodeIgniter\CodeIgniter->handleRequest(null, Object(Config\Cache), false)
 9 FCPATH\index.php(79): CodeIgniter\CodeIgniter->run()
CRITICAL - 2023-11-19 18:00:40 --> Undefined variable $reviews
in APPPATH\Views\review_game.php on line 23.
 1 APPPATH\Views\review_game.php(23): CodeIgniter\Debug\Exceptions->errorHandler(2, 'Undefined variable $reviews', 'C:\\xampp\\htdocs\\ci4\\app\\Views\\review_game.php', 23)
 2 SYSTEMPATH\View\View.php(228): include('C:\\xampp\\htdocs\\ci4\\app\\Views\\review_game.php')
 3 SYSTEMPATH\View\View.php(231): CodeIgniter\View\View->CodeIgniter\View\{closure}()
 4 SYSTEMPATH\Common.php(1190): CodeIgniter\View\View->render('review_game', [], true)
 5 APPPATH\Controllers\Home.php(32): view('review_game')
 6 SYSTEMPATH\CodeIgniter.php(942): App\Controllers\Home->review()
 7 SYSTEMPATH\CodeIgniter.php(502): CodeIgniter\CodeIgniter->runController(Object(App\Controllers\Home))
 8 SYSTEMPATH\CodeIgniter.php(361): CodeIgniter\CodeIgniter->handleRequest(null, Object(Config\Cache), false)
 9 FCPATH\index.php(79): CodeIgniter\CodeIgniter->run()
CRITICAL - 2023-11-19 18:00:40 --> Undefined variable $reviews
in APPPATH\Views\review_game.php on line 23.
 1 APPPATH\Views\review_game.php(23): CodeIgniter\Debug\Exceptions->errorHandler(2, 'Undefined variable $reviews', 'C:\\xampp\\htdocs\\ci4\\app\\Views\\review_game.php', 23)
 2 SYSTEMPATH\View\View.php(228): include('C:\\xampp\\htdocs\\ci4\\app\\Views\\review_game.php')
 3 SYSTEMPATH\View\View.php(231): CodeIgniter\View\View->CodeIgniter\View\{closure}()
 4 SYSTEMPATH\Common.php(1190): CodeIgniter\View\View->render('review_game', [], true)
 5 APPPATH\Controllers\Home.php(32): view('review_game')
 6 SYSTEMPATH\CodeIgniter.php(942): App\Controllers\Home->review()
 7 SYSTEMPATH\CodeIgniter.php(502): CodeIgniter\CodeIgniter->runController(Object(App\Controllers\Home))
 8 SYSTEMPATH\CodeIgniter.php(361): CodeIgniter\CodeIgniter->handleRequest(null, Object(Config\Cache), false)
 9 FCPATH\index.php(79): CodeIgniter\CodeIgniter->run()
CRITICAL - 2023-11-19 18:00:40 --> Undefined variable $reviews
in APPPATH\Views\review_game.php on line 23.
 1 APPPATH\Views\review_game.php(23): CodeIgniter\Debug\Exceptions->errorHandler(2, 'Undefined variable $reviews', 'C:\\xampp\\htdocs\\ci4\\app\\Views\\review_game.php', 23)
 2 SYSTEMPATH\View\View.php(228): include('C:\\xampp\\htdocs\\ci4\\app\\Views\\review_game.php')
 3 SYSTEMPATH\View\View.php(231): CodeIgniter\View\View->CodeIgniter\View\{closure}()
 4 SYSTEMPATH\Common.php(1190): CodeIgniter\View\View->render('review_game', [], true)
 5 APPPATH\Controllers\Home.php(32): view('review_game')
 6 SYSTEMPATH\CodeIgniter.php(942): App\Controllers\Home->review()
 7 SYSTEMPATH\CodeIgniter.php(502): CodeIgniter\CodeIgniter->runController(Object(App\Controllers\Home))
 8 SYSTEMPATH\CodeIgniter.php(361): CodeIgniter\CodeIgniter->handleRequest(null, Object(Config\Cache), false)
 9 FCPATH\index.php(79): CodeIgniter\CodeIgniter->run()
CRITICAL - 2023-11-19 18:00:41 --> Undefined variable $reviews
in APPPATH\Views\review_game.php on line 23.
 1 APPPATH\Views\review_game.php(23): CodeIgniter\Debug\Exceptions->errorHandler(2, 'Undefined variable $reviews', 'C:\\xampp\\htdocs\\ci4\\app\\Views\\review_game.php', 23)
 2 SYSTEMPATH\View\View.php(228): include('C:\\xampp\\htdocs\\ci4\\app\\Views\\review_game.php')
 3 SYSTEMPATH\View\View.php(231): CodeIgniter\View\View->CodeIgniter\View\{closure}()
 4 SYSTEMPATH\Common.php(1190): CodeIgniter\View\View->render('review_game', [], true)
 5 APPPATH\Controllers\Home.php(32): view('review_game')
 6 SYSTEMPATH\CodeIgniter.php(942): App\Controllers\Home->review()
 7 SYSTEMPATH\CodeIgniter.php(502): CodeIgniter\CodeIgniter->runController(Object(App\Controllers\Home))
 8 SYSTEMPATH\CodeIgniter.php(361): CodeIgniter\CodeIgniter->handleRequest(null, Object(Config\Cache), false)
 9 FCPATH\index.php(79): CodeIgniter\CodeIgniter->run()
CRITICAL - 2023-11-19 18:00:41 --> Undefined variable $reviews
in APPPATH\Views\review_game.php on line 23.
 1 APPPATH\Views\review_game.php(23): CodeIgniter\Debug\Exceptions->errorHandler(2, 'Undefined variable $reviews', 'C:\\xampp\\htdocs\\ci4\\app\\Views\\review_game.php', 23)
 2 SYSTEMPATH\View\View.php(228): include('C:\\xampp\\htdocs\\ci4\\app\\Views\\review_game.php')
 3 SYSTEMPATH\View\View.php(231): CodeIgniter\View\View->CodeIgniter\View\{closure}()
 4 SYSTEMPATH\Common.php(1190): CodeIgniter\View\View->render('review_game', [], true)
 5 APPPATH\Controllers\Home.php(32): view('review_game')
 6 SYSTEMPATH\CodeIgniter.php(942): App\Controllers\Home->review()
 7 SYSTEMPATH\CodeIgniter.php(502): CodeIgniter\CodeIgniter->runController(Object(App\Controllers\Home))
 8 SYSTEMPATH\CodeIgniter.php(361): CodeIgniter\CodeIgniter->handleRequest(null, Object(Config\Cache), false)
 9 FCPATH\index.php(79): CodeIgniter\CodeIgniter->run()
CRITICAL - 2023-11-19 18:00:41 --> Undefined variable $reviews
in APPPATH\Views\review_game.php on line 23.
 1 APPPATH\Views\review_game.php(23): CodeIgniter\Debug\Exceptions->errorHandler(2, 'Undefined variable $reviews', 'C:\\xampp\\htdocs\\ci4\\app\\Views\\review_game.php', 23)
 2 SYSTEMPATH\View\View.php(228): include('C:\\xampp\\htdocs\\ci4\\app\\Views\\review_game.php')
 3 SYSTEMPATH\View\View.php(231): CodeIgniter\View\View->CodeIgniter\View\{closure}()
 4 SYSTEMPATH\Common.php(1190): CodeIgniter\View\View->render('review_game', [], true)
 5 APPPATH\Controllers\Home.php(32): view('review_game')
 6 SYSTEMPATH\CodeIgniter.php(942): App\Controllers\Home->review()
 7 SYSTEMPATH\CodeIgniter.php(502): CodeIgniter\CodeIgniter->runController(Object(App\Controllers\Home))
 8 SYSTEMPATH\CodeIgniter.php(361): CodeIgniter\CodeIgniter->handleRequest(null, Object(Config\Cache), false)
 9 FCPATH\index.php(79): CodeIgniter\CodeIgniter->run()
CRITICAL - 2023-11-19 18:00:41 --> Undefined variable $reviews
in APPPATH\Views\review_game.php on line 23.
 1 APPPATH\Views\review_game.php(23): CodeIgniter\Debug\Exceptions->errorHandler(2, 'Undefined variable $reviews', 'C:\\xampp\\htdocs\\ci4\\app\\Views\\review_game.php', 23)
 2 SYSTEMPATH\View\View.php(228): include('C:\\xampp\\htdocs\\ci4\\app\\Views\\review_game.php')
 3 SYSTEMPATH\View\View.php(231): CodeIgniter\View\View->CodeIgniter\View\{closure}()
 4 SYSTEMPATH\Common.php(1190): CodeIgniter\View\View->render('review_game', [], true)
 5 APPPATH\Controllers\Home.php(32): view('review_game')
 6 SYSTEMPATH\CodeIgniter.php(942): App\Controllers\Home->review()
 7 SYSTEMPATH\CodeIgniter.php(502): CodeIgniter\CodeIgniter->runController(Object(App\Controllers\Home))
 8 SYSTEMPATH\CodeIgniter.php(361): CodeIgniter\CodeIgniter->handleRequest(null, Object(Config\Cache), false)
 9 FCPATH\index.php(79): CodeIgniter\CodeIgniter->run()
CRITICAL - 2023-11-19 18:00:41 --> Undefined variable $reviews
in APPPATH\Views\review_game.php on line 23.
 1 APPPATH\Views\review_game.php(23): CodeIgniter\Debug\Exceptions->errorHandler(2, 'Undefined variable $reviews', 'C:\\xampp\\htdocs\\ci4\\app\\Views\\review_game.php', 23)
 2 SYSTEMPATH\View\View.php(228): include('C:\\xampp\\htdocs\\ci4\\app\\Views\\review_game.php')
 3 SYSTEMPATH\View\View.php(231): CodeIgniter\View\View->CodeIgniter\View\{closure}()
 4 SYSTEMPATH\Common.php(1190): CodeIgniter\View\View->render('review_game', [], true)
 5 APPPATH\Controllers\Home.php(32): view('review_game')
 6 SYSTEMPATH\CodeIgniter.php(942): App\Controllers\Home->review()
 7 SYSTEMPATH\CodeIgniter.php(502): CodeIgniter\CodeIgniter->runController(Object(App\Controllers\Home))
 8 SYSTEMPATH\CodeIgniter.php(361): CodeIgniter\CodeIgniter->handleRequest(null, Object(Config\Cache), false)
 9 FCPATH\index.php(79): CodeIgniter\CodeIgniter->run()
CRITICAL - 2023-11-19 18:00:42 --> Undefined variable $reviews
in APPPATH\Views\review_game.php on line 23.
 1 APPPATH\Views\review_game.php(23): CodeIgniter\Debug\Exceptions->errorHandler(2, 'Undefined variable $reviews', 'C:\\xampp\\htdocs\\ci4\\app\\Views\\review_game.php', 23)
 2 SYSTEMPATH\View\View.php(228): include('C:\\xampp\\htdocs\\ci4\\app\\Views\\review_game.php')
 3 SYSTEMPATH\View\View.php(231): CodeIgniter\View\View->CodeIgniter\View\{closure}()
 4 SYSTEMPATH\Common.php(1190): CodeIgniter\View\View->render('review_game', [], true)
 5 APPPATH\Controllers\Home.php(32): view('review_game')
 6 SYSTEMPATH\CodeIgniter.php(942): App\Controllers\Home->review()
 7 SYSTEMPATH\CodeIgniter.php(502): CodeIgniter\CodeIgniter->runController(Object(App\Controllers\Home))
 8 SYSTEMPATH\CodeIgniter.php(361): CodeIgniter\CodeIgniter->handleRequest(null, Object(Config\Cache), false)
 9 FCPATH\index.php(79): CodeIgniter\CodeIgniter->run()
CRITICAL - 2023-11-19 18:00:42 --> Undefined variable $reviews
in APPPATH\Views\review_game.php on line 23.
 1 APPPATH\Views\review_game.php(23): CodeIgniter\Debug\Exceptions->errorHandler(2, 'Undefined variable $reviews', 'C:\\xampp\\htdocs\\ci4\\app\\Views\\review_game.php', 23)
 2 SYSTEMPATH\View\View.php(228): include('C:\\xampp\\htdocs\\ci4\\app\\Views\\review_game.php')
 3 SYSTEMPATH\View\View.php(231): CodeIgniter\View\View->CodeIgniter\View\{closure}()
 4 SYSTEMPATH\Common.php(1190): CodeIgniter\View\View->render('review_game', [], true)
 5 APPPATH\Controllers\Home.php(32): view('review_game')
 6 SYSTEMPATH\CodeIgniter.php(942): App\Controllers\Home->review()
 7 SYSTEMPATH\CodeIgniter.php(502): CodeIgniter\CodeIgniter->runController(Object(App\Controllers\Home))
 8 SYSTEMPATH\CodeIgniter.php(361): CodeIgniter\CodeIgniter->handleRequest(null, Object(Config\Cache), false)
 9 FCPATH\index.php(79): CodeIgniter\CodeIgniter->run()
CRITICAL - 2023-11-19 18:00:42 --> Undefined variable $reviews
in APPPATH\Views\review_game.php on line 23.
 1 APPPATH\Views\review_game.php(23): CodeIgniter\Debug\Exceptions->errorHandler(2, 'Undefined variable $reviews', 'C:\\xampp\\htdocs\\ci4\\app\\Views\\review_game.php', 23)
 2 SYSTEMPATH\View\View.php(228): include('C:\\xampp\\htdocs\\ci4\\app\\Views\\review_game.php')
 3 SYSTEMPATH\View\View.php(231): CodeIgniter\View\View->CodeIgniter\View\{closure}()
 4 SYSTEMPATH\Common.php(1190): CodeIgniter\View\View->render('review_game', [], true)
 5 APPPATH\Controllers\Home.php(32): view('review_game')
 6 SYSTEMPATH\CodeIgniter.php(942): App\Controllers\Home->review()
 7 SYSTEMPATH\CodeIgniter.php(502): CodeIgniter\CodeIgniter->runController(Object(App\Controllers\Home))
 8 SYSTEMPATH\CodeIgniter.php(361): CodeIgniter\CodeIgniter->handleRequest(null, Object(Config\Cache), false)
 9 FCPATH\index.php(79): CodeIgniter\CodeIgniter->run()
CRITICAL - 2023-11-19 18:00:43 --> Undefined variable $reviews
in APPPATH\Views\review_game.php on line 23.
 1 APPPATH\Views\review_game.php(23): CodeIgniter\Debug\Exceptions->errorHandler(2, 'Undefined variable $reviews', 'C:\\xampp\\htdocs\\ci4\\app\\Views\\review_game.php', 23)
 2 SYSTEMPATH\View\View.php(228): include('C:\\xampp\\htdocs\\ci4\\app\\Views\\review_game.php')
 3 SYSTEMPATH\View\View.php(231): CodeIgniter\View\View->CodeIgniter\View\{closure}()
 4 SYSTEMPATH\Common.php(1190): CodeIgniter\View\View->render('review_game', [], true)
 5 APPPATH\Controllers\Home.php(32): view('review_game')
 6 SYSTEMPATH\CodeIgniter.php(942): App\Controllers\Home->review()
 7 SYSTEMPATH\CodeIgniter.php(502): CodeIgniter\CodeIgniter->runController(Object(App\Controllers\Home))
 8 SYSTEMPATH\CodeIgniter.php(361): CodeIgniter\CodeIgniter->handleRequest(null, Object(Config\Cache), false)
 9 FCPATH\index.php(79): CodeIgniter\CodeIgniter->run()
CRITICAL - 2023-11-19 18:03:19 --> Undefined variable $reviews
in APPPATH\Views\review_game.php on line 23.
 1 APPPATH\Views\review_game.php(23): CodeIgniter\Debug\Exceptions->errorHandler(2, 'Undefined variable $reviews', 'C:\\xampp\\htdocs\\ci4\\app\\Views\\review_game.php', 23)
 2 SYSTEMPATH\View\View.php(228): include('C:\\xampp\\htdocs\\ci4\\app\\Views\\review_game.php')
 3 SYSTEMPATH\View\View.php(231): CodeIgniter\View\View->CodeIgniter\View\{closure}()
 4 SYSTEMPATH\Common.php(1190): CodeIgniter\View\View->render('review_game', [], true)
 5 APPPATH\Controllers\Home.php(23): view('review_game')
 6 SYSTEMPATH\CodeIgniter.php(942): App\Controllers\Home->dashboard()
 7 SYSTEMPATH\CodeIgniter.php(502): CodeIgniter\CodeIgniter->runController(Object(App\Controllers\Home))
 8 SYSTEMPATH\CodeIgniter.php(361): CodeIgniter\CodeIgniter->handleRequest(null, Object(Config\Cache), false)
 9 FCPATH\index.php(79): CodeIgniter\CodeIgniter->run()
CRITICAL - 2023-11-19 18:03:21 --> Undefined variable $reviews
in APPPATH\Views\review_game.php on line 23.
 1 APPPATH\Views\review_game.php(23): CodeIgniter\Debug\Exceptions->errorHandler(2, 'Undefined variable $reviews', 'C:\\xampp\\htdocs\\ci4\\app\\Views\\review_game.php', 23)
 2 SYSTEMPATH\View\View.php(228): include('C:\\xampp\\htdocs\\ci4\\app\\Views\\review_game.php')
 3 SYSTEMPATH\View\View.php(231): CodeIgniter\View\View->CodeIgniter\View\{closure}()
 4 SYSTEMPATH\Common.php(1190): CodeIgniter\View\View->render('review_game', [], true)
 5 APPPATH\Controllers\Home.php(23): view('review_game')
 6 SYSTEMPATH\CodeIgniter.php(942): App\Controllers\Home->dashboard()
 7 SYSTEMPATH\CodeIgniter.php(502): CodeIgniter\CodeIgniter->runController(Object(App\Controllers\Home))
 8 SYSTEMPATH\CodeIgniter.php(361): CodeIgniter\CodeIgniter->handleRequest(null, Object(Config\Cache), false)
 9 FCPATH\index.php(79): CodeIgniter\CodeIgniter->run()
CRITICAL - 2023-11-19 18:03:22 --> Undefined variable $reviews
in APPPATH\Views\review_game.php on line 23.
 1 APPPATH\Views\review_game.php(23): CodeIgniter\Debug\Exceptions->errorHandler(2, 'Undefined variable $reviews', 'C:\\xampp\\htdocs\\ci4\\app\\Views\\review_game.php', 23)
 2 SYSTEMPATH\View\View.php(228): include('C:\\xampp\\htdocs\\ci4\\app\\Views\\review_game.php')
 3 SYSTEMPATH\View\View.php(231): CodeIgniter\View\View->CodeIgniter\View\{closure}()
 4 SYSTEMPATH\Common.php(1190): CodeIgniter\View\View->render('review_game', [], true)
 5 APPPATH\Controllers\Home.php(29): view('review_game')
 6 SYSTEMPATH\CodeIgniter.php(942): App\Controllers\Home->review()
 7 SYSTEMPATH\CodeIgniter.php(502): CodeIgniter\CodeIgniter->runController(Object(App\Controllers\Home))
 8 SYSTEMPATH\CodeIgniter.php(361): CodeIgniter\CodeIgniter->handleRequest(null, Object(Config\Cache), false)
 9 FCPATH\index.php(79): CodeIgniter\CodeIgniter->run()
ERROR - 2023-11-19 21:55:10 --> mysqli_sql_exception: Duplicate entry 'juaquin21' for key 'PRIMARY' in C:\xampp\htdocs\ci4\system\Database\MySQLi\Connection.php:306
Stack trace:
#0 C:\xampp\htdocs\ci4\system\Database\MySQLi\Connection.php(306): mysqli->query('INSERT INTO `ac...', 0)
#1 C:\xampp\htdocs\ci4\system\Database\BaseConnection.php(693): CodeIgniter\Database\MySQLi\Connection->execute('INSERT INTO `ac...')
#2 C:\xampp\htdocs\ci4\system\Database\BaseConnection.php(607): CodeIgniter\Database\BaseConnection->simpleQuery('INSERT INTO `ac...')
#3 C:\xampp\htdocs\ci4\system\Database\BaseBuilder.php(2308): CodeIgniter\Database\BaseConnection->query('INSERT INTO `ac...', Array, false)
#4 C:\xampp\htdocs\ci4\system\Model.php(319): CodeIgniter\Database\BaseBuilder->insert()
#5 C:\xampp\htdocs\ci4\system\BaseModel.php(788): CodeIgniter\Model->doInsert(Array)
#6 C:\xampp\htdocs\ci4\system\Model.php(715): CodeIgniter\BaseModel->insert(Array, false)
#7 C:\xampp\htdocs\ci4\system\BaseModel.php(698): CodeIgniter\Model->insert(Array, false)
#8 C:\xampp\htdocs\ci4\app\Controllers\User_controller.php(38): CodeIgniter\BaseModel->save(Array)
#9 C:\xampp\htdocs\ci4\system\CodeIgniter.php(942): App\Controllers\User_controller->registeruser()
#10 C:\xampp\htdocs\ci4\system\CodeIgniter.php(502): CodeIgniter\CodeIgniter->runController(Object(App\Controllers\User_controller))
#11 C:\xampp\htdocs\ci4\system\CodeIgniter.php(361): CodeIgniter\CodeIgniter->handleRequest(NULL, Object(Config\Cache), false)
#12 C:\xampp\htdocs\ci4\public\index.php(79): CodeIgniter\CodeIgniter->run()
#13 {main}
CRITICAL - 2023-11-19 21:55:10 --> Duplicate entry 'juaquin21' for key 'PRIMARY'
in SYSTEMPATH\Database\BaseConnection.php on line 647.
 1 SYSTEMPATH\Database\BaseBuilder.php(2308): CodeIgniter\Database\BaseConnection->query('INSERT INTO `account` (`username`, `email`, `password`) VALUES (:username:, :email:, :password:)', [...], false)
 2 SYSTEMPATH\Model.php(319): CodeIgniter\Database\BaseBuilder->insert()
 3 SYSTEMPATH\BaseModel.php(788): CodeIgniter\Model->doInsert([...])
 4 SYSTEMPATH\Model.php(715): CodeIgniter\BaseModel->insert([...], false)
 5 SYSTEMPATH\BaseModel.php(698): CodeIgniter\Model->insert([...], false)
 6 APPPATH\Controllers\User_controller.php(38): CodeIgniter\BaseModel->save([...])
 7 SYSTEMPATH\CodeIgniter.php(942): App\Controllers\User_controller->registeruser()
 8 SYSTEMPATH\CodeIgniter.php(502): CodeIgniter\CodeIgniter->runController(Object(App\Controllers\User_controller))
 9 SYSTEMPATH\CodeIgniter.php(361): CodeIgniter\CodeIgniter->handleRequest(null, Object(Config\Cache), false)
10 FCPATH\index.php(79): CodeIgniter\CodeIgniter->run()
ERROR - 2023-11-19 22:30:34 --> Email: sendWithSmtp throwed ErrorException: fsockopen(): php_network_getaddresses: getaddrinfo for your_smtp_host failed: No such host is known.  in C:\xampp\htdocs\ci4\system\Email\Email.php:1886
Stack trace:
#0 [internal function]: CodeIgniter\Debug\Exceptions->errorHandler(2, 'fsockopen(): ph...', 'C:\\xampp\\htdocs...', 1886)
#1 C:\xampp\htdocs\ci4\system\Email\Email.php(1886): fsockopen('your_smtp_host', 587, NULL, NULL, 5)
#2 C:\xampp\htdocs\ci4\system\Email\Email.php(1799): CodeIgniter\Email\Email->SMTPConnect()
#3 C:\xampp\htdocs\ci4\system\Email\Email.php(1684): CodeIgniter\Email\Email->sendWithSmtp()
#4 C:\xampp\htdocs\ci4\system\Email\Email.php(1578): CodeIgniter\Email\Email->spoolEmail()
#5 C:\xampp\htdocs\ci4\app\Controllers\User_controller.php(87): CodeIgniter\Email\Email->send()
#6 C:\xampp\htdocs\ci4\app\Controllers\User_controller.php(43): App\Controllers\User_controller->sendVerificationEmail('juaquin.berceno...', '1b40c9ab6061ab8...')
#7 C:\xampp\htdocs\ci4\system\CodeIgniter.php(942): App\Controllers\User_controller->registeruser()
#8 C:\xampp\htdocs\ci4\system\CodeIgniter.php(502): CodeIgniter\CodeIgniter->runController(Object(App\Controllers\User_controller))
#9 C:\xampp\htdocs\ci4\system\CodeIgniter.php(361): CodeIgniter\CodeIgniter->handleRequest(NULL, Object(Config\Cache), false)
#10 C:\xampp\htdocs\ci4\public\index.php(79): CodeIgniter\CodeIgniter->run()
#11 {main}
ERROR - 2023-11-19 22:30:34 --> Email: Unable to send email using SMTP. Your server might not be configured to send mail using this method.
ERROR - 2023-11-19 22:30:34 --> 
CRITICAL - 2023-11-19 22:43:12 --> Undefined array key "id"
in APPPATH\Controllers\User_controller.php on line 85.
 1 APPPATH\Controllers\User_controller.php(85): CodeIgniter\Debug\Exceptions->errorHandler(2, 'Undefined array key "id"', 'C:\\xampp\\htdocs\\ci4\\app\\Controllers\\User_controller.php', 85)
 2 SYSTEMPATH\CodeIgniter.php(942): App\Controllers\User_controller->sendVerificationLink()
 3 SYSTEMPATH\CodeIgniter.php(502): CodeIgniter\CodeIgniter->runController(Object(App\Controllers\User_controller))
 4 SYSTEMPATH\CodeIgniter.php(361): CodeIgniter\CodeIgniter->handleRequest(null, Object(Config\Cache), false)
 5 FCPATH\index.php(79): CodeIgniter\CodeIgniter->run()
CRITICAL - 2023-11-19 22:43:31 --> Call to undefined method App\Models\User_model::saveVerificationCode
in SYSTEMPATH\Model.php on line 873.
 1 APPPATH\Controllers\User_controller.php(86): CodeIgniter\Model->__call('saveVerificationCode', [...])
 2 SYSTEMPATH\CodeIgniter.php(942): App\Controllers\User_controller->sendVerificationLink()
 3 SYSTEMPATH\CodeIgniter.php(502): CodeIgniter\CodeIgniter->runController(Object(App\Controllers\User_controller))
 4 SYSTEMPATH\CodeIgniter.php(361): CodeIgniter\CodeIgniter->handleRequest(null, Object(Config\Cache), false)
 5 FCPATH\index.php(79): CodeIgniter\CodeIgniter->run()
CRITICAL - 2023-11-19 22:44:34 --> Call to undefined method App\Models\User_model::saveVerificationCode
in SYSTEMPATH\Model.php on line 873.
 1 APPPATH\Controllers\User_controller.php(86): CodeIgniter\Model->__call('saveVerificationCode', [...])
 2 SYSTEMPATH\CodeIgniter.php(942): App\Controllers\User_controller->sendVerificationLink()
 3 SYSTEMPATH\CodeIgniter.php(502): CodeIgniter\CodeIgniter->runController(Object(App\Controllers\User_controller))
 4 SYSTEMPATH\CodeIgniter.php(361): CodeIgniter\CodeIgniter->handleRequest(null, Object(Config\Cache), false)
 5 FCPATH\index.php(79): CodeIgniter\CodeIgniter->run()
CRITICAL - 2023-11-19 22:46:05 --> Call to undefined method App\Models\User_model::saveVerificationCode
in SYSTEMPATH\Model.php on line 873.
 1 APPPATH\Controllers\User_controller.php(86): CodeIgniter\Model->__call('saveVerificationCode', [...])
 2 SYSTEMPATH\CodeIgniter.php(942): App\Controllers\User_controller->sendVerificationLink()
 3 SYSTEMPATH\CodeIgniter.php(502): CodeIgniter\CodeIgniter->runController(Object(App\Controllers\User_controller))
 4 SYSTEMPATH\CodeIgniter.php(361): CodeIgniter\CodeIgniter->handleRequest(null, Object(Config\Cache), false)
 5 FCPATH\index.php(79): CodeIgniter\CodeIgniter->run()
CRITICAL - 2023-11-19 22:46:10 --> Call to undefined method App\Models\User_model::saveVerificationCode
in SYSTEMPATH\Model.php on line 873.
 1 APPPATH\Controllers\User_controller.php(86): CodeIgniter\Model->__call('saveVerificationCode', [...])
 2 SYSTEMPATH\CodeIgniter.php(942): App\Controllers\User_controller->sendVerificationLink()
 3 SYSTEMPATH\CodeIgniter.php(502): CodeIgniter\CodeIgniter->runController(Object(App\Controllers\User_controller))
 4 SYSTEMPATH\CodeIgniter.php(361): CodeIgniter\CodeIgniter->handleRequest(null, Object(Config\Cache), false)
 5 FCPATH\index.php(79): CodeIgniter\CodeIgniter->run()
CRITICAL - 2023-11-19 22:46:41 --> Call to undefined method App\Models\User_model::saveVerificationCode
in SYSTEMPATH\Model.php on line 873.
 1 APPPATH\Controllers\User_controller.php(86): CodeIgniter\Model->__call('saveVerificationCode', [...])
 2 SYSTEMPATH\CodeIgniter.php(942): App\Controllers\User_controller->sendVerificationLink()
 3 SYSTEMPATH\CodeIgniter.php(502): CodeIgniter\CodeIgniter->runController(Object(App\Controllers\User_controller))
 4 SYSTEMPATH\CodeIgniter.php(361): CodeIgniter\CodeIgniter->handleRequest(null, Object(Config\Cache), false)
 5 FCPATH\index.php(79): CodeIgniter\CodeIgniter->run()
CRITICAL - 2023-11-19 22:46:44 --> Call to undefined method App\Models\User_model::saveVerificationCode
in SYSTEMPATH\Model.php on line 873.
 1 APPPATH\Controllers\User_controller.php(86): CodeIgniter\Model->__call('saveVerificationCode', [...])
 2 SYSTEMPATH\CodeIgniter.php(942): App\Controllers\User_controller->sendVerificationLink()
 3 SYSTEMPATH\CodeIgniter.php(502): CodeIgniter\CodeIgniter->runController(Object(App\Controllers\User_controller))
 4 SYSTEMPATH\CodeIgniter.php(361): CodeIgniter\CodeIgniter->handleRequest(null, Object(Config\Cache), false)
 5 FCPATH\index.php(79): CodeIgniter\CodeIgniter->run()
ERROR - 2023-11-19 22:48:19 --> Email: Unable to send email using SMTP. Your server might not be configured to send mail using this method.
ERROR - 2023-11-19 22:48:19 --> You did not specify a SMTP hostname.
ERROR - 2023-11-19 22:49:09 --> Email: Unable to send email using SMTP. Your server might not be configured to send mail using this method.
ERROR - 2023-11-19 22:49:09 --> You did not specify a SMTP hostname.
ERROR - 2023-11-19 22:52:28 --> Email: Unable to send email using SMTP. Your server might not be configured to send mail using this method.
ERROR - 2023-11-19 22:52:28 --> You did not specify a SMTP hostname.
ERROR - 2023-11-19 22:52:30 --> Email: Unable to send email using SMTP. Your server might not be configured to send mail using this method.
ERROR - 2023-11-19 22:52:30 --> You did not specify a SMTP hostname.
ERROR - 2023-11-19 22:52:31 --> Email: Unable to send email using SMTP. Your server might not be configured to send mail using this method.
ERROR - 2023-11-19 22:52:31 --> You did not specify a SMTP hostname.
ERROR - 2023-11-19 22:54:23 --> Email: Unable to send email using SMTP. Your server might not be configured to send mail using this method.
ERROR - 2023-11-19 22:54:23 --> You did not specify a SMTP hostname.
ERROR - 2023-11-19 22:55:23 --> Email: sendWithSmtp throwed ErrorException: fsockopen(): php_network_getaddresses: getaddrinfo for juaquin.bercenoo@gmail.com failed: A non-recoverable error occurred during a database lookup.  in C:\xampp\htdocs\ci4\system\Email\Email.php:1886
Stack trace:
#0 [internal function]: CodeIgniter\Debug\Exceptions->errorHandler(2, 'fsockopen(): ph...', 'C:\\xampp\\htdocs...', 1886)
#1 C:\xampp\htdocs\ci4\system\Email\Email.php(1886): fsockopen('juaquin.berceno...', 25, NULL, NULL, 5)
#2 C:\xampp\htdocs\ci4\system\Email\Email.php(1799): CodeIgniter\Email\Email->SMTPConnect()
#3 C:\xampp\htdocs\ci4\system\Email\Email.php(1684): CodeIgniter\Email\Email->sendWithSmtp()
#4 C:\xampp\htdocs\ci4\system\Email\Email.php(1578): CodeIgniter\Email\Email->spoolEmail()
#5 C:\xampp\htdocs\ci4\app\Controllers\Home.php(72): CodeIgniter\Email\Email->send()
#6 C:\xampp\htdocs\ci4\system\CodeIgniter.php(942): App\Controllers\Home->sendEmail()
#7 C:\xampp\htdocs\ci4\system\CodeIgniter.php(502): CodeIgniter\CodeIgniter->runController(Object(App\Controllers\Home))
#8 C:\xampp\htdocs\ci4\system\CodeIgniter.php(361): CodeIgniter\CodeIgniter->handleRequest(NULL, Object(Config\Cache), false)
#9 C:\xampp\htdocs\ci4\public\index.php(79): CodeIgniter\CodeIgniter->run()
#10 {main}
ERROR - 2023-11-19 22:55:23 --> Email: Unable to send email using SMTP. Your server might not be configured to send mail using this method.
ERROR - 2023-11-19 22:55:23 --> 
ERROR - 2023-11-19 22:56:37 --> Email: sendWithSmtp throwed ErrorException: fsockopen(): Unable to connect to smtp.gmail.com:25 (A connection attempt failed because the connected party did not properly respond after a period of time, or established connection failed because connected host has failed to respond) in C:\xampp\htdocs\ci4\system\Email\Email.php:1886
Stack trace:
#0 [internal function]: CodeIgniter\Debug\Exceptions->errorHandler(2, 'fsockopen(): Un...', 'C:\\xampp\\htdocs...', 1886)
#1 C:\xampp\htdocs\ci4\system\Email\Email.php(1886): fsockopen('smtp.gmail.com', 25, NULL, NULL, 5)
#2 C:\xampp\htdocs\ci4\system\Email\Email.php(1799): CodeIgniter\Email\Email->SMTPConnect()
#3 C:\xampp\htdocs\ci4\system\Email\Email.php(1684): CodeIgniter\Email\Email->sendWithSmtp()
#4 C:\xampp\htdocs\ci4\system\Email\Email.php(1578): CodeIgniter\Email\Email->spoolEmail()
#5 C:\xampp\htdocs\ci4\app\Controllers\Home.php(72): CodeIgniter\Email\Email->send()
#6 C:\xampp\htdocs\ci4\system\CodeIgniter.php(942): App\Controllers\Home->sendEmail()
#7 C:\xampp\htdocs\ci4\system\CodeIgniter.php(502): CodeIgniter\CodeIgniter->runController(Object(App\Controllers\Home))
#8 C:\xampp\htdocs\ci4\system\CodeIgniter.php(361): CodeIgniter\CodeIgniter->handleRequest(NULL, Object(Config\Cache), false)
#9 C:\xampp\htdocs\ci4\public\index.php(79): CodeIgniter\CodeIgniter->run()
#10 {main}
ERROR - 2023-11-19 22:56:37 --> Email: Unable to send email using SMTP. Your server might not be configured to send mail using this method.
ERROR - 2023-11-19 22:56:37 --> 
ERROR - 2023-11-19 22:57:33 --> Email: sendWithSmtp throwed ErrorException: fsockopen(): Unable to connect to smtp.gmail.com:25 (A connection attempt failed because the connected party did not properly respond after a period of time, or established connection failed because connected host has failed to respond) in C:\xampp\htdocs\ci4\system\Email\Email.php:1886
Stack trace:
#0 [internal function]: CodeIgniter\Debug\Exceptions->errorHandler(2, 'fsockopen(): Un...', 'C:\\xampp\\htdocs...', 1886)
#1 C:\xampp\htdocs\ci4\system\Email\Email.php(1886): fsockopen('smtp.gmail.com', 25, NULL, NULL, 5)
#2 C:\xampp\htdocs\ci4\system\Email\Email.php(1799): CodeIgniter\Email\Email->SMTPConnect()
#3 C:\xampp\htdocs\ci4\system\Email\Email.php(1684): CodeIgniter\Email\Email->sendWithSmtp()
#4 C:\xampp\htdocs\ci4\system\Email\Email.php(1578): CodeIgniter\Email\Email->spoolEmail()
#5 C:\xampp\htdocs\ci4\app\Controllers\Home.php(72): CodeIgniter\Email\Email->send()
#6 C:\xampp\htdocs\ci4\system\CodeIgniter.php(942): App\Controllers\Home->sendEmail()
#7 C:\xampp\htdocs\ci4\system\CodeIgniter.php(502): CodeIgniter\CodeIgniter->runController(Object(App\Controllers\Home))
#8 C:\xampp\htdocs\ci4\system\CodeIgniter.php(361): CodeIgniter\CodeIgniter->handleRequest(NULL, Object(Config\Cache), false)
#9 C:\xampp\htdocs\ci4\public\index.php(79): CodeIgniter\CodeIgniter->run()
#10 {main}
ERROR - 2023-11-19 22:57:33 --> Email: Unable to send email using SMTP. Your server might not be configured to send mail using this method.
ERROR - 2023-11-19 22:57:33 --> 
ERROR - 2023-11-19 23:00:10 --> Email: Unable to send email using SMTP. Your server might not be configured to send mail using this method.
ERROR - 2023-11-19 23:00:10 --> 220 smtp.gmail.com ESMTP p7-20020a170902a40700b001b53c8659fesm4753264plq.30 - gsmtp

hello: 250-smtp.gmail.com at your service, [103.36.18.246]
250-SIZE 35882577
250-8BITMIME
250-STARTTLS
250-ENHANCEDSTATUSCODES
250-PIPELINING
250-CHUNKING
250 SMTPUTF8

starttls: 220 2.0.0 Ready to start TLS

hello: 250-smtp.gmail.com at your service, [103.36.18.246]
250-SIZE 35882577
250-8BITMIME
250-AUTH LOGIN PLAIN XOAUTH2 PLAIN-CLIENTTOKEN OAUTHBEARER XOAUTH
250-ENHANCEDSTATUSCODES
250-PIPELINING
250-CHUNKING
250 SMTPUTF8

Failed to authenticate password. Error: 535-5.7.8 Username and Password not accepted. Learn more at
535 5.7.8  https://support.google.com/mail/?p=BadCredentials p7-20020a170902a40700b001b53c8659fesm4753264plq.30 - gsmtp

ERROR - 2023-11-19 23:14:40 --> Email: Unable to send email using SMTP. Your server might not be configured to send mail using this method.
ERROR - 2023-11-19 23:14:40 --> 220 smtp.gmail.com ESMTP u17-20020a632351000000b0056606274e54sm4882731pgm.31 - gsmtp

hello: 250-smtp.gmail.com at your service, [103.36.18.246]
250-SIZE 35882577
250-8BITMIME
250-STARTTLS
250-ENHANCEDSTATUSCODES
250-PIPELINING
250-CHUNKING
250 SMTPUTF8

starttls: 220 2.0.0 Ready to start TLS

hello: 250-smtp.gmail.com at your service, [103.36.18.246]
250-SIZE 35882577
250-8BITMIME
250-AUTH LOGIN PLAIN XOAUTH2 PLAIN-CLIENTTOKEN OAUTHBEARER XOAUTH
250-ENHANCEDSTATUSCODES
250-PIPELINING
250-CHUNKING
250 SMTPUTF8

Failed to authenticate password. Error: 535-5.7.8 Username and Password not accepted. Learn more at
535 5.7.8  https://support.google.com/mail/?p=BadCredentials u17-20020a632351000000b0056606274e54sm4882731pgm.31 - gsmtp

ERROR - 2023-11-19 23:35:53 --> mysqli_sql_exception: Unknown column 'account.id' in 'where clause' in C:\xampp\htdocs\ci4\system\Database\MySQLi\Connection.php:306
Stack trace:
#0 C:\xampp\htdocs\ci4\system\Database\MySQLi\Connection.php(306): mysqli->query('UPDATE `account...', 0)
#1 C:\xampp\htdocs\ci4\system\Database\BaseConnection.php(693): CodeIgniter\Database\MySQLi\Connection->execute('UPDATE `account...')
#2 C:\xampp\htdocs\ci4\system\Database\BaseConnection.php(607): CodeIgniter\Database\BaseConnection->simpleQuery('UPDATE `account...')
#3 C:\xampp\htdocs\ci4\system\Database\BaseBuilder.php(2475): CodeIgniter\Database\BaseConnection->query('UPDATE `account...', Array, false)
#4 C:\xampp\htdocs\ci4\system\Model.php(385): CodeIgniter\Database\BaseBuilder->update()
#5 C:\xampp\htdocs\ci4\system\BaseModel.php(949): CodeIgniter\Model->doUpdate(Array, Array)
#6 C:\xampp\htdocs\ci4\system\Model.php(776): CodeIgniter\BaseModel->update(Array, Array)
#7 C:\xampp\htdocs\ci4\app\Controllers\User_controller.php(130): CodeIgniter\Model->update(Array, Array)
#8 C:\xampp\htdocs\ci4\system\CodeIgniter.php(942): App\Controllers\User_controller->verify_user()
#9 C:\xampp\htdocs\ci4\system\CodeIgniter.php(502): CodeIgniter\CodeIgniter->runController(Object(App\Controllers\User_controller))
#10 C:\xampp\htdocs\ci4\system\CodeIgniter.php(361): CodeIgniter\CodeIgniter->handleRequest(NULL, Object(Config\Cache), false)
#11 C:\xampp\htdocs\ci4\public\index.php(79): CodeIgniter\CodeIgniter->run()
#12 {main}
CRITICAL - 2023-11-19 23:35:53 --> Unknown column 'account.id' in 'where clause'
in SYSTEMPATH\Database\BaseConnection.php on line 647.
 1 SYSTEMPATH\Database\BaseBuilder.php(2475): CodeIgniter\Database\BaseConnection->query('UPDATE `account` SET `code` = :code:
WHERE `account`.`id` IN :account.id:', [...], false)
 2 SYSTEMPATH\Model.php(385): CodeIgniter\Database\BaseBuilder->update()
 3 SYSTEMPATH\BaseModel.php(949): CodeIgniter\Model->doUpdate([...], [...])
 4 SYSTEMPATH\Model.php(776): CodeIgniter\BaseModel->update([...], [...])
 5 APPPATH\Controllers\User_controller.php(130): CodeIgniter\Model->update([...], [...])
 6 SYSTEMPATH\CodeIgniter.php(942): App\Controllers\User_controller->verify_user()
 7 SYSTEMPATH\CodeIgniter.php(502): CodeIgniter\CodeIgniter->runController(Object(App\Controllers\User_controller))
 8 SYSTEMPATH\CodeIgniter.php(361): CodeIgniter\CodeIgniter->handleRequest(null, Object(Config\Cache), false)
 9 FCPATH\index.php(79): CodeIgniter\CodeIgniter->run()
CRITICAL - 2023-11-19 23:55:14 --> Undefined variable $activeStatus
in APPPATH\Views\user_profile.php on line 2.
 1 APPPATH\Views\user_profile.php(2): CodeIgniter\Debug\Exceptions->errorHandler(2, 'Undefined variable $activeStatus', 'C:\\xampp\\htdocs\\ci4\\app\\Views\\user_profile.php', 2)
 2 SYSTEMPATH\View\View.php(228): include('C:\\xampp\\htdocs\\ci4\\app\\Views\\user_profile.php')
 3 SYSTEMPATH\View\View.php(231): CodeIgniter\View\View->CodeIgniter\View\{closure}()
 4 SYSTEMPATH\Common.php(1190): CodeIgniter\View\View->render('user_profile', [], true)
 5 APPPATH\Controllers\Home.php(52): view('user_profile', [...])
 6 SYSTEMPATH\CodeIgniter.php(942): App\Controllers\Home->userReviews()
 7 SYSTEMPATH\CodeIgniter.php(502): CodeIgniter\CodeIgniter->runController(Object(App\Controllers\Home))
 8 SYSTEMPATH\CodeIgniter.php(361): CodeIgniter\CodeIgniter->handleRequest(null, Object(Config\Cache), false)
 9 FCPATH\index.php(79): CodeIgniter\CodeIgniter->run()
CRITICAL - 2023-11-19 23:55:16 --> Undefined variable $activeStatus
in APPPATH\Views\user_profile.php on line 2.
 1 APPPATH\Views\user_profile.php(2): CodeIgniter\Debug\Exceptions->errorHandler(2, 'Undefined variable $activeStatus', 'C:\\xampp\\htdocs\\ci4\\app\\Views\\user_profile.php', 2)
 2 SYSTEMPATH\View\View.php(228): include('C:\\xampp\\htdocs\\ci4\\app\\Views\\user_profile.php')
 3 SYSTEMPATH\View\View.php(231): CodeIgniter\View\View->CodeIgniter\View\{closure}()
 4 SYSTEMPATH\Common.php(1190): CodeIgniter\View\View->render('user_profile', [], true)
 5 APPPATH\Controllers\Home.php(52): view('user_profile', [...])
 6 SYSTEMPATH\CodeIgniter.php(942): App\Controllers\Home->userReviews()
 7 SYSTEMPATH\CodeIgniter.php(502): CodeIgniter\CodeIgniter->runController(Object(App\Controllers\Home))
 8 SYSTEMPATH\CodeIgniter.php(361): CodeIgniter\CodeIgniter->handleRequest(null, Object(Config\Cache), false)
 9 FCPATH\index.php(79): CodeIgniter\CodeIgniter->run()
