CRITICAL - 2023-11-21 02:57:49 --> Undefined variable $username
in APPPATH\Views\header2.php on line 118.
 1 APPPATH\Views\header2.php(118): CodeIgniter\Debug\Exceptions->errorHandler(2, 'Undefined variable $username', 'C:\\xampp\\htdocs\\ci4\\app\\Views\\header2.php', 118)
 2 APPPATH\Views\dashboard.php(1): include('C:\\xampp\\htdocs\\ci4\\app\\Views\\header2.php')
 3 SYSTEMPATH\View\View.php(228): include('C:\\xampp\\htdocs\\ci4\\app\\Views\\dashboard.php')
 4 SYSTEMPATH\View\View.php(231): CodeIgniter\View\View->CodeIgniter\View\{closure}()
 5 SYSTEMPATH\Common.php(1190): CodeIgniter\View\View->render('dashboard', [], true)
 6 APPPATH\Controllers\Home.php(22): view('dashboard')
 7 SYSTEMPATH\CodeIgniter.php(942): App\Controllers\Home->dashboard()
 8 SYSTEMPATH\CodeIgniter.php(502): CodeIgniter\CodeIgniter->runController(Object(App\Controllers\Home))
 9 SYSTEMPATH\CodeIgniter.php(361): CodeIgniter\CodeIgniter->handleRequest(null, Object(Config\Cache), false)
10 FCPATH\index.php(79): CodeIgniter\CodeIgniter->run()
CRITICAL - 2023-11-21 02:58:29 --> Undefined variable $username
in APPPATH\Views\header2.php on line 122.
 1 APPPATH\Views\header2.php(122): CodeIgniter\Debug\Exceptions->errorHandler(2, 'Undefined variable $username', 'C:\\xampp\\htdocs\\ci4\\app\\Views\\header2.php', 122)
 2 APPPATH\Views\user_profile.php(1): include('C:\\xampp\\htdocs\\ci4\\app\\Views\\header2.php')
 3 SYSTEMPATH\View\View.php(228): include('C:\\xampp\\htdocs\\ci4\\app\\Views\\user_profile.php')
 4 SYSTEMPATH\View\View.php(231): CodeIgniter\View\View->CodeIgniter\View\{closure}()
 5 SYSTEMPATH\Common.php(1190): CodeIgniter\View\View->render('user_profile', [], true)
 6 APPPATH\Controllers\Home.php(61): view('user_profile', [...])
 7 SYSTEMPATH\CodeIgniter.php(942): App\Controllers\Home->userReviews()
 8 SYSTEMPATH\CodeIgniter.php(502): CodeIgniter\CodeIgniter->runController(Object(App\Controllers\Home))
 9 SYSTEMPATH\CodeIgniter.php(361): CodeIgniter\CodeIgniter->handleRequest(null, Object(Config\Cache), false)
10 FCPATH\index.php(79): CodeIgniter\CodeIgniter->run()
CRITICAL - 2023-11-21 02:59:09 --> Undefined variable $username
in APPPATH\Views\header2.php on line 119.
 1 APPPATH\Views\header2.php(119): CodeIgniter\Debug\Exceptions->errorHandler(2, 'Undefined variable $username', 'C:\\xampp\\htdocs\\ci4\\app\\Views\\header2.php', 119)
 2 APPPATH\Views\user_profile.php(1): include('C:\\xampp\\htdocs\\ci4\\app\\Views\\header2.php')
 3 SYSTEMPATH\View\View.php(228): include('C:\\xampp\\htdocs\\ci4\\app\\Views\\user_profile.php')
 4 SYSTEMPATH\View\View.php(231): CodeIgniter\View\View->CodeIgniter\View\{closure}()
 5 SYSTEMPATH\Common.php(1190): CodeIgniter\View\View->render('user_profile', [], true)
 6 APPPATH\Controllers\Home.php(61): view('user_profile', [...])
 7 SYSTEMPATH\CodeIgniter.php(942): App\Controllers\Home->userReviews()
 8 SYSTEMPATH\CodeIgniter.php(502): CodeIgniter\CodeIgniter->runController(Object(App\Controllers\Home))
 9 SYSTEMPATH\CodeIgniter.php(361): CodeIgniter\CodeIgniter->handleRequest(null, Object(Config\Cache), false)
10 FCPATH\index.php(79): CodeIgniter\CodeIgniter->run()
CRITICAL - 2023-11-21 02:59:15 --> Undefined variable $username
in APPPATH\Views\header2.php on line 35.
 1 APPPATH\Views\header2.php(35): CodeIgniter\Debug\Exceptions->errorHandler(2, 'Undefined variable $username', 'C:\\xampp\\htdocs\\ci4\\app\\Views\\header2.php', 35)
 2 APPPATH\Views\user_profile.php(1): include('C:\\xampp\\htdocs\\ci4\\app\\Views\\header2.php')
 3 SYSTEMPATH\View\View.php(228): include('C:\\xampp\\htdocs\\ci4\\app\\Views\\user_profile.php')
 4 SYSTEMPATH\View\View.php(231): CodeIgniter\View\View->CodeIgniter\View\{closure}()
 5 SYSTEMPATH\Common.php(1190): CodeIgniter\View\View->render('user_profile', [], true)
 6 APPPATH\Controllers\Home.php(61): view('user_profile', [...])
 7 SYSTEMPATH\CodeIgniter.php(942): App\Controllers\Home->userReviews()
 8 SYSTEMPATH\CodeIgniter.php(502): CodeIgniter\CodeIgniter->runController(Object(App\Controllers\Home))
 9 SYSTEMPATH\CodeIgniter.php(361): CodeIgniter\CodeIgniter->handleRequest(null, Object(Config\Cache), false)
10 FCPATH\index.php(79): CodeIgniter\CodeIgniter->run()
CRITICAL - 2023-11-21 02:59:24 --> Undefined variable $username
in APPPATH\Views\header2.php on line 35.
 1 APPPATH\Views\header2.php(35): CodeIgniter\Debug\Exceptions->errorHandler(2, 'Undefined variable $username', 'C:\\xampp\\htdocs\\ci4\\app\\Views\\header2.php', 35)
 2 APPPATH\Views\user_profile.php(1): include('C:\\xampp\\htdocs\\ci4\\app\\Views\\header2.php')
 3 SYSTEMPATH\View\View.php(228): include('C:\\xampp\\htdocs\\ci4\\app\\Views\\user_profile.php')
 4 SYSTEMPATH\View\View.php(231): CodeIgniter\View\View->CodeIgniter\View\{closure}()
 5 SYSTEMPATH\Common.php(1190): CodeIgniter\View\View->render('user_profile', [], true)
 6 APPPATH\Controllers\Home.php(61): view('user_profile', [...])
 7 SYSTEMPATH\CodeIgniter.php(942): App\Controllers\Home->userReviews()
 8 SYSTEMPATH\CodeIgniter.php(502): CodeIgniter\CodeIgniter->runController(Object(App\Controllers\Home))
 9 SYSTEMPATH\CodeIgniter.php(361): CodeIgniter\CodeIgniter->handleRequest(null, Object(Config\Cache), false)
10 FCPATH\index.php(79): CodeIgniter\CodeIgniter->run()
CRITICAL - 2023-11-21 02:59:41 --> Undefined variable $username
in APPPATH\Views\header2.php on line 35.
 1 APPPATH\Views\header2.php(35): CodeIgniter\Debug\Exceptions->errorHandler(2, 'Undefined variable $username', 'C:\\xampp\\htdocs\\ci4\\app\\Views\\header2.php', 35)
 2 APPPATH\Views\user_profile.php(1): include('C:\\xampp\\htdocs\\ci4\\app\\Views\\header2.php')
 3 SYSTEMPATH\View\View.php(228): include('C:\\xampp\\htdocs\\ci4\\app\\Views\\user_profile.php')
 4 SYSTEMPATH\View\View.php(231): CodeIgniter\View\View->CodeIgniter\View\{closure}()
 5 SYSTEMPATH\Common.php(1190): CodeIgniter\View\View->render('user_profile', [], true)
 6 APPPATH\Controllers\Home.php(61): view('user_profile', [...])
 7 SYSTEMPATH\CodeIgniter.php(942): App\Controllers\Home->userReviews()
 8 SYSTEMPATH\CodeIgniter.php(502): CodeIgniter\CodeIgniter->runController(Object(App\Controllers\Home))
 9 SYSTEMPATH\CodeIgniter.php(361): CodeIgniter\CodeIgniter->handleRequest(null, Object(Config\Cache), false)
10 FCPATH\index.php(79): CodeIgniter\CodeIgniter->run()
CRITICAL - 2023-11-21 02:59:42 --> Undefined variable $username
in APPPATH\Views\header2.php on line 35.
 1 APPPATH\Views\header2.php(35): CodeIgniter\Debug\Exceptions->errorHandler(2, 'Undefined variable $username', 'C:\\xampp\\htdocs\\ci4\\app\\Views\\header2.php', 35)
 2 APPPATH\Views\user_profile.php(1): include('C:\\xampp\\htdocs\\ci4\\app\\Views\\header2.php')
 3 SYSTEMPATH\View\View.php(228): include('C:\\xampp\\htdocs\\ci4\\app\\Views\\user_profile.php')
 4 SYSTEMPATH\View\View.php(231): CodeIgniter\View\View->CodeIgniter\View\{closure}()
 5 SYSTEMPATH\Common.php(1190): CodeIgniter\View\View->render('user_profile', [], true)
 6 APPPATH\Controllers\Home.php(61): view('user_profile', [...])
 7 SYSTEMPATH\CodeIgniter.php(942): App\Controllers\Home->userReviews()
 8 SYSTEMPATH\CodeIgniter.php(502): CodeIgniter\CodeIgniter->runController(Object(App\Controllers\Home))
 9 SYSTEMPATH\CodeIgniter.php(361): CodeIgniter\CodeIgniter->handleRequest(null, Object(Config\Cache), false)
10 FCPATH\index.php(79): CodeIgniter\CodeIgniter->run()
CRITICAL - 2023-11-21 02:59:42 --> Undefined variable $username
in APPPATH\Views\header2.php on line 35.
 1 APPPATH\Views\header2.php(35): CodeIgniter\Debug\Exceptions->errorHandler(2, 'Undefined variable $username', 'C:\\xampp\\htdocs\\ci4\\app\\Views\\header2.php', 35)
 2 APPPATH\Views\user_profile.php(1): include('C:\\xampp\\htdocs\\ci4\\app\\Views\\header2.php')
 3 SYSTEMPATH\View\View.php(228): include('C:\\xampp\\htdocs\\ci4\\app\\Views\\user_profile.php')
 4 SYSTEMPATH\View\View.php(231): CodeIgniter\View\View->CodeIgniter\View\{closure}()
 5 SYSTEMPATH\Common.php(1190): CodeIgniter\View\View->render('user_profile', [], true)
 6 APPPATH\Controllers\Home.php(61): view('user_profile', [...])
 7 SYSTEMPATH\CodeIgniter.php(942): App\Controllers\Home->userReviews()
 8 SYSTEMPATH\CodeIgniter.php(502): CodeIgniter\CodeIgniter->runController(Object(App\Controllers\Home))
 9 SYSTEMPATH\CodeIgniter.php(361): CodeIgniter\CodeIgniter->handleRequest(null, Object(Config\Cache), false)
10 FCPATH\index.php(79): CodeIgniter\CodeIgniter->run()
CRITICAL - 2023-11-21 02:59:43 --> Undefined variable $username
in APPPATH\Views\header2.php on line 35.
 1 APPPATH\Views\header2.php(35): CodeIgniter\Debug\Exceptions->errorHandler(2, 'Undefined variable $username', 'C:\\xampp\\htdocs\\ci4\\app\\Views\\header2.php', 35)
 2 APPPATH\Views\user_profile.php(1): include('C:\\xampp\\htdocs\\ci4\\app\\Views\\header2.php')
 3 SYSTEMPATH\View\View.php(228): include('C:\\xampp\\htdocs\\ci4\\app\\Views\\user_profile.php')
 4 SYSTEMPATH\View\View.php(231): CodeIgniter\View\View->CodeIgniter\View\{closure}()
 5 SYSTEMPATH\Common.php(1190): CodeIgniter\View\View->render('user_profile', [], true)
 6 APPPATH\Controllers\Home.php(61): view('user_profile', [...])
 7 SYSTEMPATH\CodeIgniter.php(942): App\Controllers\Home->userReviews()
 8 SYSTEMPATH\CodeIgniter.php(502): CodeIgniter\CodeIgniter->runController(Object(App\Controllers\Home))
 9 SYSTEMPATH\CodeIgniter.php(361): CodeIgniter\CodeIgniter->handleRequest(null, Object(Config\Cache), false)
10 FCPATH\index.php(79): CodeIgniter\CodeIgniter->run()
CRITICAL - 2023-11-21 02:59:43 --> Undefined variable $username
in APPPATH\Views\header2.php on line 35.
 1 APPPATH\Views\header2.php(35): CodeIgniter\Debug\Exceptions->errorHandler(2, 'Undefined variable $username', 'C:\\xampp\\htdocs\\ci4\\app\\Views\\header2.php', 35)
 2 APPPATH\Views\user_profile.php(1): include('C:\\xampp\\htdocs\\ci4\\app\\Views\\header2.php')
 3 SYSTEMPATH\View\View.php(228): include('C:\\xampp\\htdocs\\ci4\\app\\Views\\user_profile.php')
 4 SYSTEMPATH\View\View.php(231): CodeIgniter\View\View->CodeIgniter\View\{closure}()
 5 SYSTEMPATH\Common.php(1190): CodeIgniter\View\View->render('user_profile', [], true)
 6 APPPATH\Controllers\Home.php(61): view('user_profile', [...])
 7 SYSTEMPATH\CodeIgniter.php(942): App\Controllers\Home->userReviews()
 8 SYSTEMPATH\CodeIgniter.php(502): CodeIgniter\CodeIgniter->runController(Object(App\Controllers\Home))
 9 SYSTEMPATH\CodeIgniter.php(361): CodeIgniter\CodeIgniter->handleRequest(null, Object(Config\Cache), false)
10 FCPATH\index.php(79): CodeIgniter\CodeIgniter->run()
CRITICAL - 2023-11-21 03:00:11 --> Undefined variable $username
in APPPATH\Views\header2.php on line 35.
 1 APPPATH\Views\header2.php(35): CodeIgniter\Debug\Exceptions->errorHandler(2, 'Undefined variable $username', 'C:\\xampp\\htdocs\\ci4\\app\\Views\\header2.php', 35)
 2 APPPATH\Views\user_profile.php(1): include('C:\\xampp\\htdocs\\ci4\\app\\Views\\header2.php')
 3 SYSTEMPATH\View\View.php(228): include('C:\\xampp\\htdocs\\ci4\\app\\Views\\user_profile.php')
 4 SYSTEMPATH\View\View.php(231): CodeIgniter\View\View->CodeIgniter\View\{closure}()
 5 SYSTEMPATH\Common.php(1190): CodeIgniter\View\View->render('user_profile', [], true)
 6 APPPATH\Controllers\Home.php(61): view('user_profile', [...])
 7 SYSTEMPATH\CodeIgniter.php(942): App\Controllers\Home->userReviews()
 8 SYSTEMPATH\CodeIgniter.php(502): CodeIgniter\CodeIgniter->runController(Object(App\Controllers\Home))
 9 SYSTEMPATH\CodeIgniter.php(361): CodeIgniter\CodeIgniter->handleRequest(null, Object(Config\Cache), false)
10 FCPATH\index.php(79): CodeIgniter\CodeIgniter->run()
CRITICAL - 2023-11-21 03:01:33 --> Undefined variable $username
in APPPATH\Views\header2.php on line 35.
 1 APPPATH\Views\header2.php(35): CodeIgniter\Debug\Exceptions->errorHandler(2, 'Undefined variable $username', 'C:\\xampp\\htdocs\\ci4\\app\\Views\\header2.php', 35)
 2 APPPATH\Views\review_game.php(1): include('C:\\xampp\\htdocs\\ci4\\app\\Views\\header2.php')
 3 SYSTEMPATH\View\View.php(228): include('C:\\xampp\\htdocs\\ci4\\app\\Views\\review_game.php')
 4 SYSTEMPATH\View\View.php(231): CodeIgniter\View\View->CodeIgniter\View\{closure}()
 5 SYSTEMPATH\Common.php(1190): CodeIgniter\View\View->render('review_game', [], true)
 6 APPPATH\Controllers\Home.php(32): view('review_game', [...])
 7 SYSTEMPATH\CodeIgniter.php(942): App\Controllers\Home->review()
 8 SYSTEMPATH\CodeIgniter.php(502): CodeIgniter\CodeIgniter->runController(Object(App\Controllers\Home))
 9 SYSTEMPATH\CodeIgniter.php(361): CodeIgniter\CodeIgniter->handleRequest(null, Object(Config\Cache), false)
10 FCPATH\index.php(79): CodeIgniter\CodeIgniter->run()
CRITICAL - 2023-11-21 03:02:22 --> Undefined variable $username
in APPPATH\Views\header2.php on line 35.
 1 APPPATH\Views\header2.php(35): CodeIgniter\Debug\Exceptions->errorHandler(2, 'Undefined variable $username', 'C:\\xampp\\htdocs\\ci4\\app\\Views\\header2.php', 35)
 2 APPPATH\Views\user_profile.php(1): include('C:\\xampp\\htdocs\\ci4\\app\\Views\\header2.php')
 3 SYSTEMPATH\View\View.php(228): include('C:\\xampp\\htdocs\\ci4\\app\\Views\\user_profile.php')
 4 SYSTEMPATH\View\View.php(231): CodeIgniter\View\View->CodeIgniter\View\{closure}()
 5 SYSTEMPATH\Common.php(1190): CodeIgniter\View\View->render('user_profile', [], true)
 6 APPPATH\Controllers\Home.php(61): view('user_profile', [...])
 7 SYSTEMPATH\CodeIgniter.php(942): App\Controllers\Home->userReviews()
 8 SYSTEMPATH\CodeIgniter.php(502): CodeIgniter\CodeIgniter->runController(Object(App\Controllers\Home))
 9 SYSTEMPATH\CodeIgniter.php(361): CodeIgniter\CodeIgniter->handleRequest(null, Object(Config\Cache), false)
10 FCPATH\index.php(79): CodeIgniter\CodeIgniter->run()
CRITICAL - 2023-11-21 03:02:37 --> Undefined variable $username
in APPPATH\Views\header2.php on line 35.
 1 APPPATH\Views\header2.php(35): CodeIgniter\Debug\Exceptions->errorHandler(2, 'Undefined variable $username', 'C:\\xampp\\htdocs\\ci4\\app\\Views\\header2.php', 35)
 2 APPPATH\Views\user_profile.php(1): include('C:\\xampp\\htdocs\\ci4\\app\\Views\\header2.php')
 3 SYSTEMPATH\View\View.php(228): include('C:\\xampp\\htdocs\\ci4\\app\\Views\\user_profile.php')
 4 SYSTEMPATH\View\View.php(231): CodeIgniter\View\View->CodeIgniter\View\{closure}()
 5 SYSTEMPATH\Common.php(1190): CodeIgniter\View\View->render('user_profile', [], true)
 6 APPPATH\Controllers\Home.php(61): view('user_profile', [...])
 7 SYSTEMPATH\CodeIgniter.php(942): App\Controllers\Home->userReviews()
 8 SYSTEMPATH\CodeIgniter.php(502): CodeIgniter\CodeIgniter->runController(Object(App\Controllers\Home))
 9 SYSTEMPATH\CodeIgniter.php(361): CodeIgniter\CodeIgniter->handleRequest(null, Object(Config\Cache), false)
10 FCPATH\index.php(79): CodeIgniter\CodeIgniter->run()
CRITICAL - 2023-11-21 03:02:37 --> Undefined variable $username
in APPPATH\Views\header2.php on line 35.
 1 APPPATH\Views\header2.php(35): CodeIgniter\Debug\Exceptions->errorHandler(2, 'Undefined variable $username', 'C:\\xampp\\htdocs\\ci4\\app\\Views\\header2.php', 35)
 2 APPPATH\Views\user_profile.php(1): include('C:\\xampp\\htdocs\\ci4\\app\\Views\\header2.php')
 3 SYSTEMPATH\View\View.php(228): include('C:\\xampp\\htdocs\\ci4\\app\\Views\\user_profile.php')
 4 SYSTEMPATH\View\View.php(231): CodeIgniter\View\View->CodeIgniter\View\{closure}()
 5 SYSTEMPATH\Common.php(1190): CodeIgniter\View\View->render('user_profile', [], true)
 6 APPPATH\Controllers\Home.php(61): view('user_profile', [...])
 7 SYSTEMPATH\CodeIgniter.php(942): App\Controllers\Home->userReviews()
 8 SYSTEMPATH\CodeIgniter.php(502): CodeIgniter\CodeIgniter->runController(Object(App\Controllers\Home))
 9 SYSTEMPATH\CodeIgniter.php(361): CodeIgniter\CodeIgniter->handleRequest(null, Object(Config\Cache), false)
10 FCPATH\index.php(79): CodeIgniter\CodeIgniter->run()
CRITICAL - 2023-11-21 03:02:38 --> Undefined variable $username
in APPPATH\Views\header2.php on line 35.
 1 APPPATH\Views\header2.php(35): CodeIgniter\Debug\Exceptions->errorHandler(2, 'Undefined variable $username', 'C:\\xampp\\htdocs\\ci4\\app\\Views\\header2.php', 35)
 2 APPPATH\Views\user_profile.php(1): include('C:\\xampp\\htdocs\\ci4\\app\\Views\\header2.php')
 3 SYSTEMPATH\View\View.php(228): include('C:\\xampp\\htdocs\\ci4\\app\\Views\\user_profile.php')
 4 SYSTEMPATH\View\View.php(231): CodeIgniter\View\View->CodeIgniter\View\{closure}()
 5 SYSTEMPATH\Common.php(1190): CodeIgniter\View\View->render('user_profile', [], true)
 6 APPPATH\Controllers\Home.php(61): view('user_profile', [...])
 7 SYSTEMPATH\CodeIgniter.php(942): App\Controllers\Home->userReviews()
 8 SYSTEMPATH\CodeIgniter.php(502): CodeIgniter\CodeIgniter->runController(Object(App\Controllers\Home))
 9 SYSTEMPATH\CodeIgniter.php(361): CodeIgniter\CodeIgniter->handleRequest(null, Object(Config\Cache), false)
10 FCPATH\index.php(79): CodeIgniter\CodeIgniter->run()
